2024-03-05 00:19:02,903 - ERROR - 101文件 负责社会化媒体营销团队的搭建工作，制定相关运营策略和指标，带领团队实施计划；网站常态运营活动规划和推进执行；相关数据报告和统计，为公司决策层提供决策依据；轻量级产品和应用的策划，统筹产品、技术团队成员实施。 未标注为 :
2024-03-05 00:19:02,903 - ERROR - 101文件 网络推广渠道搭建维护，包括QQ空间、微博、豆瓣等；负责软硬广投放，网络舆情监控，公关稿撰写，事件营销策划；标书制作和撰写，甲方沟通工作。 未标注为 :
2024-03-05 00:19:02,904 - ERROR - 101文件 主修课程：基本会计、统计学、市场营销、国际市场营销、市场调查与预测、商业心理学、广告学、公共关系学、货币银行学、经济法、国际贸易、大学英语、计算机应用等。 未标注为 :
2024-03-05 00:19:02,905 - ERROR - 101文件 本人有丰富的营销知识体系做基础；对于市场营销方面的前沿和动向有一定的了解，善于分析和吸取经验；熟悉网络推广，尤其是社会化媒体方面，有独到的见解和经验；个性开朗，容易相处，团队荣誉感强。 未标注为 :
2024-03-05 00:19:02,906 - ERROR - 101文件 CET-6，优秀的听说写能力；计算机二级，熟悉计算机各项操作；高级营销员，国家职业资格四级。 未标注为 :
2024-03-05 00:20:26,284 - ERROR - 101文件 负责社会化媒体营销团队的搭建工作，制定相关运营策略和指标，带领团队实施计划；网站常态运营活动规划和推进执行；相关数据报告和统计，为公司决策层提供决策依据；轻量级产品和应用的策划，统筹产品、技术团队成员实施。 未标注为 :
2024-03-05 00:20:26,285 - ERROR - 101文件 网络推广渠道搭建维护，包括QQ空间、微博、豆瓣等；负责软硬广投放，网络舆情监控，公关稿撰写，事件营销策划；标书制作和撰写，甲方沟通工作。 未标注为 :
2024-03-05 00:20:26,286 - ERROR - 101文件 主修课程：基本会计、统计学、市场营销、国际市场营销、市场调查与预测、商业心理学、广告学、公共关系学、货币银行学、经济法、国际贸易、大学英语、计算机应用等。 未标注为 :
2024-03-05 00:20:26,287 - ERROR - 101文件 本人有丰富的营销知识体系做基础；对于市场营销方面的前沿和动向有一定的了解，善于分析和吸取经验；熟悉网络推广，尤其是社会化媒体方面，有独到的见解和经验；个性开朗，容易相处，团队荣誉感强。 未标注为 :
2024-03-05 00:20:26,287 - ERROR - 101文件 CET-6，优秀的听说写能力；计算机二级，熟悉计算机各项操作；高级营销员，国家职业资格四级。 未标注为 :
2024-03-05 00:20:40,719 - ERROR - 101文件 负责社会化媒体营销团队的搭建工作，制定相关运营策略和指标，带领团队实施计划；网站常态运营活动规划和推进执行；相关数据报告和统计，为公司决策层提供决策依据；轻量级产品和应用的策划，统筹产品、技术团队成员实施。 未标注为 :
2024-03-05 00:20:40,720 - ERROR - 101文件 网络推广渠道搭建维护，包括QQ空间、微博、豆瓣等；负责软硬广投放，网络舆情监控，公关稿撰写，事件营销策划；标书制作和撰写，甲方沟通工作。 未标注为 :
2024-03-05 00:20:40,721 - ERROR - 101文件 主修课程：基本会计、统计学、市场营销、国际市场营销、市场调查与预测、商业心理学、广告学、公共关系学、货币银行学、经济法、国际贸易、大学英语、计算机应用等。 未标注为 :
2024-03-05 00:20:40,722 - ERROR - 101文件 本人有丰富的营销知识体系做基础；对于市场营销方面的前沿和动向有一定的了解，善于分析和吸取经验；熟悉网络推广，尤其是社会化媒体方面，有独到的见解和经验；个性开朗，容易相处，团队荣誉感强。 未标注为 :
2024-03-05 00:20:40,723 - ERROR - 101文件 CET-6，优秀的听说写能力；计算机二级，熟悉计算机各项操作；高级营销员，国家职业资格四级。 未标注为 :
2024-03-05 00:20:47,468 - ERROR - 101文件 负责社会化媒体营销团队的搭建工作，制定相关运营策略和指标，带领团队实施计划；网站常态运营活动规划和推进执行；相关数据报告和统计，为公司决策层提供决策依据；轻量级产品和应用的策划，统筹产品、技术团队成员实施。 未标注为 :
2024-03-05 00:20:47,470 - ERROR - 101文件 网络推广渠道搭建维护，包括QQ空间、微博、豆瓣等；负责软硬广投放，网络舆情监控，公关稿撰写，事件营销策划；标书制作和撰写，甲方沟通工作。 未标注为 :
2024-03-05 00:20:47,471 - ERROR - 101文件 主修课程：基本会计、统计学、市场营销、国际市场营销、市场调查与预测、商业心理学、广告学、公共关系学、货币银行学、经济法、国际贸易、大学英语、计算机应用等。 未标注为 :
2024-03-05 00:20:47,472 - ERROR - 101文件 本人有丰富的营销知识体系做基础；对于市场营销方面的前沿和动向有一定的了解，善于分析和吸取经验；熟悉网络推广，尤其是社会化媒体方面，有独到的见解和经验；个性开朗，容易相处，团队荣誉感强。 未标注为 :
2024-03-05 00:20:47,473 - ERROR - 101文件 CET-6，优秀的听说写能力；计算机二级，熟悉计算机各项操作；高级营销员，国家职业资格四级。 未标注为 :
2024-03-05 00:21:34,902 - ERROR - 101文件 负责社会化媒体营销团队的搭建工作，制定相关运营策略和指标，带领团队实施计划；网站常态运营活动规划和推进执行；相关数据报告和统计，为公司决策层提供决策依据；轻量级产品和应用的策划，统筹产品、技术团队成员实施。 未标注为 :
2024-03-05 00:21:34,903 - ERROR - 101文件 网络推广渠道搭建维护，包括QQ空间、微博、豆瓣等；负责软硬广投放，网络舆情监控，公关稿撰写，事件营销策划；标书制作和撰写，甲方沟通工作。 未标注为 :
2024-03-05 00:21:34,904 - ERROR - 101文件 主修课程：基本会计、统计学、市场营销、国际市场营销、市场调查与预测、商业心理学、广告学、公共关系学、货币银行学、经济法、国际贸易、大学英语、计算机应用等。 未标注为 :
2024-03-05 00:21:34,905 - ERROR - 101文件 本人有丰富的营销知识体系做基础；对于市场营销方面的前沿和动向有一定的了解，善于分析和吸取经验；熟悉网络推广，尤其是社会化媒体方面，有独到的见解和经验；个性开朗，容易相处，团队荣誉感强。 未标注为 :
2024-03-05 00:21:34,905 - ERROR - 101文件 CET-6，优秀的听说写能力；计算机二级，熟悉计算机各项操作；高级营销员，国家职业资格四级。 未标注为 :
2024-03-05 00:21:43,585 - ERROR - 101文件 负责社会化媒体营销团队的搭建工作，制定相关运营策略和指标，带领团队实施计划；网站常态运营活动规划和推进执行；相关数据报告和统计，为公司决策层提供决策依据；轻量级产品和应用的策划，统筹产品、技术团队成员实施。 未标注为 :
2024-03-05 00:21:43,586 - ERROR - 101文件 网络推广渠道搭建维护，包括QQ空间、微博、豆瓣等；负责软硬广投放，网络舆情监控，公关稿撰写，事件营销策划；标书制作和撰写，甲方沟通工作。 未标注为 :
2024-03-05 00:21:43,587 - ERROR - 101文件 主修课程：基本会计、统计学、市场营销、国际市场营销、市场调查与预测、商业心理学、广告学、公共关系学、货币银行学、经济法、国际贸易、大学英语、计算机应用等。 未标注为 :
2024-03-05 00:21:43,589 - ERROR - 101文件 本人有丰富的营销知识体系做基础；对于市场营销方面的前沿和动向有一定的了解，善于分析和吸取经验；熟悉网络推广，尤其是社会化媒体方面，有独到的见解和经验；个性开朗，容易相处，团队荣誉感强。 未标注为 :
2024-03-05 00:21:43,589 - ERROR - 101文件 CET-6，优秀的听说写能力；计算机二级，熟悉计算机各项操作；高级营销员，国家职业资格四级。 未标注为 :
2024-03-05 00:23:49,433 - ERROR - 101文件 负责社会化媒体营销团队的搭建工作，制定相关运营策略和指标，带领团队实施计划；网站常态运营活动规划和推进执行；相关数据报告和统计，为公司决策层提供决策依据；轻量级产品和应用的策划，统筹产品、技术团队成员实施。 未标注为 :
2024-03-05 00:24:15,605 - ERROR - 101文件 网络推广渠道搭建维护，包括QQ空间、微博、豆瓣等；负责软硬广投放，网络舆情监控，公关稿撰写，事件营销策划；标书制作和撰写，甲方沟通工作。 未标注为 :
2024-03-05 00:24:42,637 - ERROR - 101文件 主修课程：基本会计、统计学、市场营销、国际市场营销、市场调查与预测、商业心理学、广告学、公共关系学、货币银行学、经济法、国际贸易、大学英语、计算机应用等。 未标注为 :
2024-03-05 00:25:19,377 - ERROR - 101文件 本人有丰富的营销知识体系做基础；对于市场营销方面的前沿和动向有一定的了解，善于分析和吸取经验；熟悉网络推广，尤其是社会化媒体方面，有独到的见解和经验；个性开朗，容易相处，团队荣誉感强。 未标注为 :
2024-03-05 00:25:19,379 - ERROR - 101文件 CET-6，优秀的听说写能力；计算机二级，熟悉计算机各项操作；高级营销员，国家职业资格四级。 未标注为 :
2024-03-05 00:25:56,617 - ERROR - 101文件 负责社会化媒体营销团队的搭建工作，制定相关运营策略和指标，带领团队实施计划；网站常态运营活动规划和推进执行；相关数据报告和统计，为公司决策层提供决策依据；轻量级产品和应用的策划，统筹产品、技术团队成员实施。 未标注为 :
2024-03-05 00:25:56,617 - ERROR - 101文件 网络推广渠道搭建维护，包括QQ空间、微博、豆瓣等；负责软硬广投放，网络舆情监控，公关稿撰写，事件营销策划；标书制作和撰写，甲方沟通工作。 未标注为 :
2024-03-05 00:25:56,618 - ERROR - 101文件 主修课程：基本会计、统计学、市场营销、国际市场营销、市场调查与预测、商业心理学、广告学、公共关系学、货币银行学、经济法、国际贸易、大学英语、计算机应用等。 未标注为 :
2024-03-05 00:25:56,619 - ERROR - 101文件 本人有丰富的营销知识体系做基础；对于市场营销方面的前沿和动向有一定的了解，善于分析和吸取经验；熟悉网络推广，尤其是社会化媒体方面，有独到的见解和经验；个性开朗，容易相处，团队荣誉感强。 未标注为 :
2024-03-05 00:25:56,620 - ERROR - 101文件 CET-6，优秀的听说写能力；计算机二级，熟悉计算机各项操作；高级营销员，国家职业资格四级。 未标注为 :
2024-03-05 00:27:30,503 - ERROR - 101文件 负责社会化媒体营销团队的搭建工作，制定相关运营策略和指标，带领团队实施计划；网站常态运营活动规划和推进执行；相关数据报告和统计，为公司决策层提供决策依据；轻量级产品和应用的策划，统筹产品、技术团队成员实施。 未标注为 :
2024-03-05 00:27:30,504 - ERROR - 101文件 网络推广渠道搭建维护，包括QQ空间、微博、豆瓣等；负责软硬广投放，网络舆情监控，公关稿撰写，事件营销策划；标书制作和撰写，甲方沟通工作。 未标注为 :
2024-03-05 00:27:30,505 - ERROR - 101文件 主修课程：基本会计、统计学、市场营销、国际市场营销、市场调查与预测、商业心理学、广告学、公共关系学、货币银行学、经济法、国际贸易、大学英语、计算机应用等。 未标注为 :
2024-03-05 00:27:30,505 - ERROR - 101文件 本人有丰富的营销知识体系做基础；对于市场营销方面的前沿和动向有一定的了解，善于分析和吸取经验；熟悉网络推广，尤其是社会化媒体方面，有独到的见解和经验；个性开朗，容易相处，团队荣誉感强。 未标注为 :
2024-03-05 00:27:30,506 - ERROR - 101文件 CET-6，优秀的听说写能力；计算机二级，熟悉计算机各项操作；高级营销员，国家职业资格四级。 未标注为 :
2024-03-05 00:27:35,533 - ERROR - 101文件 负责社会化媒体营销团队的搭建工作，制定相关运营策略和指标，带领团队实施计划；网站常态运营活动规划和推进执行；相关数据报告和统计，为公司决策层提供决策依据；轻量级产品和应用的策划，统筹产品、技术团队成员实施。 未标注为 :
2024-03-05 00:27:35,534 - ERROR - 101文件 网络推广渠道搭建维护，包括QQ空间、微博、豆瓣等；负责软硬广投放，网络舆情监控，公关稿撰写，事件营销策划；标书制作和撰写，甲方沟通工作。 未标注为 :
2024-03-05 00:27:35,535 - ERROR - 101文件 主修课程：基本会计、统计学、市场营销、国际市场营销、市场调查与预测、商业心理学、广告学、公共关系学、货币银行学、经济法、国际贸易、大学英语、计算机应用等。 未标注为 :
2024-03-05 00:27:35,536 - ERROR - 101文件 本人有丰富的营销知识体系做基础；对于市场营销方面的前沿和动向有一定的了解，善于分析和吸取经验；熟悉网络推广，尤其是社会化媒体方面，有独到的见解和经验；个性开朗，容易相处，团队荣誉感强。 未标注为 :
2024-03-05 00:27:35,536 - ERROR - 101文件 CET-6，优秀的听说写能力；计算机二级，熟悉计算机各项操作；高级营销员，国家职业资格四级。 未标注为 :
2024-03-05 12:28:51,621 - ERROR - 101文件 负责社会化媒体营销团队的搭建工作，制定相关运营策略和指标，带领团队实施计划；网站常态运营活动规划和推进执行；相关数据报告和统计，为公司决策层提供决策依据；轻量级产品和应用的策划，统筹产品、技术团队成员实施。 未标注为 :
2024-03-05 12:28:51,622 - ERROR - 101文件 网络推广渠道搭建维护，包括QQ空间、微博、豆瓣等；负责软硬广投放，网络舆情监控，公关稿撰写，事件营销策划；标书制作和撰写，甲方沟通工作。 未标注为 :
2024-03-05 12:28:51,623 - ERROR - 101文件 主修课程：基本会计、统计学、市场营销、国际市场营销、市场调查与预测、商业心理学、广告学、公共关系学、货币银行学、经济法、国际贸易、大学英语、计算机应用等。 未标注为 :
2024-03-05 12:28:51,624 - ERROR - 101文件 本人有丰富的营销知识体系做基础；对于市场营销方面的前沿和动向有一定的了解，善于分析和吸取经验；熟悉网络推广，尤其是社会化媒体方面，有独到的见解和经验；个性开朗，容易相处，团队荣誉感强。 未标注为 :
2024-03-05 12:28:51,625 - ERROR - 101文件 CET-6，优秀的听说写能力；计算机二级，熟悉计算机各项操作；高级营销员，国家职业资格四级。 未标注为 :
2024-03-05 12:29:57,140 - ERROR - 101文件 负责社会化媒体营销团队的搭建工作，制定相关运营策略和指标，带领团队实施计划；网站常态运营活动规划和推进执行；相关数据报告和统计，为公司决策层提供决策依据；轻量级产品和应用的策划，统筹产品、技术团队成员实施。 未标注为 :
2024-03-05 12:29:57,141 - ERROR - 101文件 网络推广渠道搭建维护，包括QQ空间、微博、豆瓣等；负责软硬广投放，网络舆情监控，公关稿撰写，事件营销策划；标书制作和撰写，甲方沟通工作。 未标注为 :
2024-03-05 12:29:57,141 - ERROR - 101文件 主修课程：基本会计、统计学、市场营销、国际市场营销、市场调查与预测、商业心理学、广告学、公共关系学、货币银行学、经济法、国际贸易、大学英语、计算机应用等。 未标注为 :
2024-03-05 12:29:57,142 - ERROR - 101文件 本人有丰富的营销知识体系做基础；对于市场营销方面的前沿和动向有一定的了解，善于分析和吸取经验；熟悉网络推广，尤其是社会化媒体方面，有独到的见解和经验；个性开朗，容易相处，团队荣誉感强。 未标注为 :
2024-03-05 12:29:57,143 - ERROR - 101文件 CET-6，优秀的听说写能力；计算机二级，熟悉计算机各项操作；高级营销员，国家职业资格四级。 未标注为 :
2024-03-05 12:30:04,897 - ERROR - 101文件 负责社会化媒体营销团队的搭建工作，制定相关运营策略和指标，带领团队实施计划；网站常态运营活动规划和推进执行；相关数据报告和统计，为公司决策层提供决策依据；轻量级产品和应用的策划，统筹产品、技术团队成员实施。 未标注为 :
2024-03-05 12:30:04,898 - ERROR - 101文件 网络推广渠道搭建维护，包括QQ空间、微博、豆瓣等；负责软硬广投放，网络舆情监控，公关稿撰写，事件营销策划；标书制作和撰写，甲方沟通工作。 未标注为 :
2024-03-05 12:30:04,900 - ERROR - 101文件 主修课程：基本会计、统计学、市场营销、国际市场营销、市场调查与预测、商业心理学、广告学、公共关系学、货币银行学、经济法、国际贸易、大学英语、计算机应用等。 未标注为 :
2024-03-05 12:30:04,901 - ERROR - 101文件 本人有丰富的营销知识体系做基础；对于市场营销方面的前沿和动向有一定的了解，善于分析和吸取经验；熟悉网络推广，尤其是社会化媒体方面，有独到的见解和经验；个性开朗，容易相处，团队荣誉感强。 未标注为 :
2024-03-05 12:30:04,902 - ERROR - 101文件 CET-6，优秀的听说写能力；计算机二级，熟悉计算机各项操作；高级营销员，国家职业资格四级。 未标注为 :
2024-03-05 12:37:31,994 - ERROR - 101文件 负责社会化媒体营销团队的搭建工作，制定相关运营策略和指标，带领团队实施计划；网站常态运营活动规划和推进执行；相关数据报告和统计，为公司决策层提供决策依据；轻量级产品和应用的策划，统筹产品、技术团队成员实施。 未标注为 :
2024-03-05 12:44:21,085 - ERROR - 101文件 负责社会化媒体营销团队的搭建工作，制定相关运营策略和指标，带领团队实施计划；网站常态运营活动规划和推进执行；相关数据报告和统计，为公司决策层提供决策依据；轻量级产品和应用的策划，统筹产品、技术团队成员实施。 未标注为 :
2024-03-05 12:44:21,088 - ERROR - 101文件 网络推广渠道搭建维护，包括QQ空间、微博、豆瓣等；负责软硬广投放，网络舆情监控，公关稿撰写，事件营销策划；标书制作和撰写，甲方沟通工作。 未标注为 :
2024-03-05 12:44:21,091 - ERROR - 101文件 主修课程：基本会计、统计学、市场营销、国际市场营销、市场调查与预测、商业心理学、广告学、公共关系学、货币银行学、经济法、国际贸易、大学英语、计算机应用等。 未标注为 :
2024-03-05 12:44:21,094 - ERROR - 101文件 本人有丰富的营销知识体系做基础；对于市场营销方面的前沿和动向有一定的了解，善于分析和吸取经验；熟悉网络推广，尤其是社会化媒体方面，有独到的见解和经验；个性开朗，容易相处，团队荣誉感强。 未标注为 :
2024-03-05 12:44:21,096 - ERROR - 101文件 CET-6，优秀的听说写能力；计算机二级，熟悉计算机各项操作；高级营销员，国家职业资格四级。 未标注为 :
2024-03-05 12:44:44,591 - ERROR - 101文件 负责社会化媒体营销团队的搭建工作，制定相关运营策略和指标，带领团队实施计划；网站常态运营活动规划和推进执行；相关数据报告和统计，为公司决策层提供决策依据；轻量级产品和应用的策划，统筹产品、技术团队成员实施。 未标注为 :
2024-03-05 12:44:44,593 - ERROR - 101文件 网络推广渠道搭建维护，包括QQ空间、微博、豆瓣等；负责软硬广投放，网络舆情监控，公关稿撰写，事件营销策划；标书制作和撰写，甲方沟通工作。 未标注为 :
2024-03-05 12:44:44,594 - ERROR - 101文件 主修课程：基本会计、统计学、市场营销、国际市场营销、市场调查与预测、商业心理学、广告学、公共关系学、货币银行学、经济法、国际贸易、大学英语、计算机应用等。 未标注为 :
2024-03-05 12:44:44,596 - ERROR - 101文件 本人有丰富的营销知识体系做基础；对于市场营销方面的前沿和动向有一定的了解，善于分析和吸取经验；熟悉网络推广，尤其是社会化媒体方面，有独到的见解和经验；个性开朗，容易相处，团队荣誉感强。 未标注为 :
2024-03-05 12:44:44,597 - ERROR - 101文件 CET-6，优秀的听说写能力；计算机二级，熟悉计算机各项操作；高级营销员，国家职业资格四级。 未标注为 :
2024-03-05 21:45:55,879 - ERROR - 101文件 负责社会化媒体营销团队的搭建工作，制定相关运营策略和指标，带领团队实施计划；网站常态运营活动规划和推进执行；相关数据报告和统计，为公司决策层提供决策依据；轻量级产品和应用的策划，统筹产品、技术团队成员实施。 未标注为 :
2024-03-05 21:45:55,883 - ERROR - 101文件 网络推广渠道搭建维护，包括QQ空间、微博、豆瓣等；负责软硬广投放，网络舆情监控，公关稿撰写，事件营销策划；标书制作和撰写，甲方沟通工作。 未标注为 :
2024-03-05 21:45:55,884 - ERROR - 101文件 主修课程：基本会计、统计学、市场营销、国际市场营销、市场调查与预测、商业心理学、广告学、公共关系学、货币银行学、经济法、国际贸易、大学英语、计算机应用等。 未标注为 :
2024-03-05 21:45:55,886 - ERROR - 101文件 本人有丰富的营销知识体系做基础；对于市场营销方面的前沿和动向有一定的了解，善于分析和吸取经验；熟悉网络推广，尤其是社会化媒体方面，有独到的见解和经验；个性开朗，容易相处，团队荣誉感强。 未标注为 :
2024-03-05 21:45:55,886 - ERROR - 101文件 CET-6，优秀的听说写能力；计算机二级，熟悉计算机各项操作；高级营销员，国家职业资格四级。 未标注为 :
2024-03-07 14:57:02,605 - ERROR - 101文件 负责社会化媒体营销团队的搭建工作，制定相关运营策略和指标，带领团队实施计划；网站常态运营活动规划和推进执行；相关数据报告和统计，为公司决策层提供决策依据；轻量级产品和应用的策划，统筹产品、技术团队成员实施。 未标注为 :
2024-03-07 14:57:02,609 - ERROR - 101文件 网络推广渠道搭建维护，包括QQ空间、微博、豆瓣等；负责软硬广投放，网络舆情监控，公关稿撰写，事件营销策划；标书制作和撰写，甲方沟通工作。 未标注为 :
2024-03-07 14:57:02,610 - ERROR - 101文件 主修课程：基本会计、统计学、市场营销、国际市场营销、市场调查与预测、商业心理学、广告学、公共关系学、货币银行学、经济法、国际贸易、大学英语、计算机应用等。 未标注为 :
2024-03-07 14:57:02,611 - ERROR - 101文件 本人有丰富的营销知识体系做基础；对于市场营销方面的前沿和动向有一定的了解，善于分析和吸取经验；熟悉网络推广，尤其是社会化媒体方面，有独到的见解和经验；个性开朗，容易相处，团队荣誉感强。 未标注为 :
2024-03-07 14:57:02,612 - ERROR - 101文件 CET-6，优秀的听说写能力；计算机二级，熟悉计算机各项操作；高级营销员，国家职业资格四级。 未标注为 :
2024-03-07 16:03:11,518 - ERROR - json文件不存在../Corpus_Path/key_mapping.json
2024-03-07 16:04:11,340 - ERROR - json文件不存在../Corpus_Path/key_mapping.json
2024-03-07 16:57:09,451 - ERROR - json文件不存在../Corpus_Path/key_mapping.json
2024-03-07 16:57:21,731 - ERROR - json文件不存在../Corpus_Path/key_mapping.json
2024-03-07 16:58:07,907 - ERROR - json文件不存在../Corpus_Path/key_mapping.json
2024-03-07 17:35:44,971 - ERROR - json文件不存在../Corpus_Path/key_mapping.json
2024-03-07 17:36:21,100 - ERROR - json文件不存在../Corpus_Path/key_mapping.json
2024-03-07 17:36:26,992 - ERROR - json文件不存在../Corpus_Path/key_mapping.json
2024-03-07 17:37:38,285 - ERROR - json文件不存在../Corpus_Path/key_mapping.json
2024-03-07 17:39:43,852 - ERROR - json文件不存在../Corpus_Path/key_mapping.json
2024-03-07 17:39:58,765 - ERROR - json文件不存在../Corpus_Path/key_mapping.json
2024-03-07 17:41:21,747 - ERROR - json文件不存在../Corpus_Path/key_mapping.json
2024-03-07 17:41:50,127 - ERROR - json文件不存在../Corpus_Path/key_mapping.json
2024-03-07 17:42:28,698 - ERROR - json文件不存在../Corpus_Path/key_mapping.json
2024-03-07 17:44:35,509 - ERROR - json文件不存在../Corpus_Path/key_mapping.json
2024-03-07 17:47:06,564 - ERROR - json文件不存在../Corpus_Path/key_mapping.json
2024-03-07 17:47:48,582 - ERROR - json文件不存在../Corpus_Path/key_mapping.json
2024-03-07 17:48:21,630 - ERROR - json文件不存在../Corpus_Path/key_mapping.json
2024-03-07 17:48:21,631 - ERROR - json文件不存在../Corpus_Path/2024年03月03日15时01分\101\101.json
2024-03-07 17:49:57,541 - ERROR - json文件不存在../Corpus_Path/key_mapping.json
2024-03-07 17:49:57,542 - ERROR - json文件不存在../Corpus_Path/2024年03月03日15时01分\101\101.json
2024-03-07 17:50:23,346 - ERROR - json文件不存在../Corpus_Path/key_mapping.json
2024-03-07 17:50:23,347 - ERROR - json文件不存在../Corpus_Path/2024年03月03日15时01分\101\101.json
2024-03-07 17:50:30,274 - ERROR - json文件不存在../Corpus_Path/key_mapping.json
2024-03-07 17:52:42,353 - ERROR - json文件不存在../Corpus_Path/key_mapping.json
2024-03-07 17:52:56,541 - ERROR - json文件不存在../Corpus_Path/key_mapping.json
2024-03-07 17:55:13,347 - ERROR - json文件不存在../Corpus_Path/key_mapping.json
2024-03-07 18:02:48,979 - ERROR - json文件不存在../Corpus_Path/key_mapping.json
2024-03-07 18:03:22,799 - ERROR - json文件不存在../Corpus_Path/key_mapping.json
2024-03-07 18:04:07,595 - ERROR - json文件不存在../Corpus_Path/key_mapping.json
2024-03-07 18:04:31,924 - ERROR - json文件不存在../Corpus_Path/key_mapping.json
2024-03-07 18:04:31,925 - ERROR - json文件不存在../Corpus_Path/key_mapping.json
2024-03-07 18:04:42,614 - ERROR - json文件不存在../Corpus_Path/key_mapping.json
2024-03-07 18:04:42,623 - ERROR - 101文件 负责社会化媒体营销团队的搭建工作，制定相关运营策略和指标，带领团队实施计划；网站常态运营活动规划和推进执行；相关数据报告和统计，为公司决策层提供决策依据；轻量级产品和应用的策划，统筹产品、技术团队成员实施。 未标注为 :
2024-03-07 18:04:42,625 - ERROR - 101文件 网络推广渠道搭建维护，包括QQ空间、微博、豆瓣等；负责软硬广投放，网络舆情监控，公关稿撰写，事件营销策划；标书制作和撰写，甲方沟通工作。 未标注为 :
2024-03-07 18:04:42,626 - ERROR - 101文件 主修课程：基本会计、统计学、市场营销、国际市场营销、市场调查与预测、商业心理学、广告学、公共关系学、货币银行学、经济法、国际贸易、大学英语、计算机应用等。 未标注为 :
2024-03-07 18:04:42,636 - ERROR - 101文件 本人有丰富的营销知识体系做基础；对于市场营销方面的前沿和动向有一定的了解，善于分析和吸取经验；熟悉网络推广，尤其是社会化媒体方面，有独到的见解和经验；个性开朗，容易相处，团队荣誉感强。 未标注为 :
2024-03-07 18:04:42,637 - ERROR - 101文件 CET-6，优秀的听说写能力；计算机二级，熟悉计算机各项操作；高级营销员，国家职业资格四级。 未标注为 :
2024-03-07 18:12:02,348 - ERROR - json文件不存在../Corpus_Path/key_mapping.json
2024-03-07 18:20:32,200 - ERROR - 101文件 负责社会化媒体营销团队的搭建工作，制定相关运营策略和指标，带领团队实施计划；网站常态运营活动规划和推进执行；相关数据报告和统计，为公司决策层提供决策依据；轻量级产品和应用的策划，统筹产品、技术团队成员实施。 未标注为 :
2024-03-07 18:20:32,203 - ERROR - 101文件 网络推广渠道搭建维护，包括QQ空间、微博、豆瓣等；负责软硬广投放，网络舆情监控，公关稿撰写，事件营销策划；标书制作和撰写，甲方沟通工作。 未标注为 :
2024-03-07 18:20:32,204 - ERROR - 101文件 主修课程：基本会计、统计学、市场营销、国际市场营销、市场调查与预测、商业心理学、广告学、公共关系学、货币银行学、经济法、国际贸易、大学英语、计算机应用等。 未标注为 :
2024-03-07 18:20:32,215 - ERROR - 101文件 本人有丰富的营销知识体系做基础；对于市场营销方面的前沿和动向有一定的了解，善于分析和吸取经验；熟悉网络推广，尤其是社会化媒体方面，有独到的见解和经验；个性开朗，容易相处，团队荣誉感强。 未标注为 :
2024-03-07 18:20:32,216 - ERROR - 101文件 CET-6，优秀的听说写能力；计算机二级，熟悉计算机各项操作；高级营销员，国家职业资格四级。 未标注为 :
2024-03-07 18:22:44,733 - ERROR - 101文件 负责社会化媒体营销团队的搭建工作，制定相关运营策略和指标，带领团队实施计划；网站常态运营活动规划和推进执行；相关数据报告和统计，为公司决策层提供决策依据；轻量级产品和应用的策划，统筹产品、技术团队成员实施。 未标注为 :
2024-03-07 18:22:44,735 - ERROR - 101文件 网络推广渠道搭建维护，包括QQ空间、微博、豆瓣等；负责软硬广投放，网络舆情监控，公关稿撰写，事件营销策划；标书制作和撰写，甲方沟通工作。 未标注为 :
2024-03-07 18:22:44,737 - ERROR - 101文件 主修课程：基本会计、统计学、市场营销、国际市场营销、市场调查与预测、商业心理学、广告学、公共关系学、货币银行学、经济法、国际贸易、大学英语、计算机应用等。 未标注为 :
2024-03-07 18:22:44,739 - ERROR - 101文件 本人有丰富的营销知识体系做基础；对于市场营销方面的前沿和动向有一定的了解，善于分析和吸取经验；熟悉网络推广，尤其是社会化媒体方面，有独到的见解和经验；个性开朗，容易相处，团队荣誉感强。 未标注为 :
2024-03-07 18:22:44,740 - ERROR - 101文件 CET-6，优秀的听说写能力；计算机二级，熟悉计算机各项操作；高级营销员，国家职业资格四级。 未标注为 :
2024-03-07 18:50:57,680 - ERROR - 101文件 负责社会化媒体营销团队的搭建工作，制定相关运营策略和指标，带领团队实施计划；网站常态运营活动规划和推进执行；相关数据报告和统计，为公司决策层提供决策依据；轻量级产品和应用的策划，统筹产品、技术团队成员实施。 未标注为 :
2024-03-07 18:50:57,682 - ERROR - 101文件 网络推广渠道搭建维护，包括QQ空间、微博、豆瓣等；负责软硬广投放，网络舆情监控，公关稿撰写，事件营销策划；标书制作和撰写，甲方沟通工作。 未标注为 :
2024-03-07 18:50:57,683 - ERROR - 101文件 主修课程：基本会计、统计学、市场营销、国际市场营销、市场调查与预测、商业心理学、广告学、公共关系学、货币银行学、经济法、国际贸易、大学英语、计算机应用等。 未标注为 :
2024-03-07 18:50:57,685 - ERROR - 101文件 本人有丰富的营销知识体系做基础；对于市场营销方面的前沿和动向有一定的了解，善于分析和吸取经验；熟悉网络推广，尤其是社会化媒体方面，有独到的见解和经验；个性开朗，容易相处，团队荣誉感强。 未标注为 :
2024-03-07 18:50:57,685 - ERROR - 101文件 CET-6，优秀的听说写能力；计算机二级，熟悉计算机各项操作；高级营销员，国家职业资格四级。 未标注为 :
2024-03-07 18:51:14,505 - ERROR - 101文件 负责社会化媒体营销团队的搭建工作，制定相关运营策略和指标，带领团队实施计划；网站常态运营活动规划和推进执行；相关数据报告和统计，为公司决策层提供决策依据；轻量级产品和应用的策划，统筹产品、技术团队成员实施。 未标注为 :
2024-03-07 18:51:14,507 - ERROR - 101文件 网络推广渠道搭建维护，包括QQ空间、微博、豆瓣等；负责软硬广投放，网络舆情监控，公关稿撰写，事件营销策划；标书制作和撰写，甲方沟通工作。 未标注为 :
2024-03-07 18:51:14,509 - ERROR - 101文件 主修课程：基本会计、统计学、市场营销、国际市场营销、市场调查与预测、商业心理学、广告学、公共关系学、货币银行学、经济法、国际贸易、大学英语、计算机应用等。 未标注为 :
2024-03-07 18:51:14,509 - ERROR - 101文件 本人有丰富的营销知识体系做基础；对于市场营销方面的前沿和动向有一定的了解，善于分析和吸取经验；熟悉网络推广，尤其是社会化媒体方面，有独到的见解和经验；个性开朗，容易相处，团队荣誉感强。 未标注为 :
2024-03-07 18:51:14,510 - ERROR - 101文件 CET-6，优秀的听说写能力；计算机二级，熟悉计算机各项操作；高级营销员，国家职业资格四级。 未标注为 :
2024-03-07 18:51:28,884 - ERROR - 101文件 负责社会化媒体营销团队的搭建工作，制定相关运营策略和指标，带领团队实施计划；网站常态运营活动规划和推进执行；相关数据报告和统计，为公司决策层提供决策依据；轻量级产品和应用的策划，统筹产品、技术团队成员实施。 未标注为 :
2024-03-07 18:51:28,887 - ERROR - 101文件 网络推广渠道搭建维护，包括QQ空间、微博、豆瓣等；负责软硬广投放，网络舆情监控，公关稿撰写，事件营销策划；标书制作和撰写，甲方沟通工作。 未标注为 :
2024-03-07 18:51:28,889 - ERROR - 101文件 主修课程：基本会计、统计学、市场营销、国际市场营销、市场调查与预测、商业心理学、广告学、公共关系学、货币银行学、经济法、国际贸易、大学英语、计算机应用等。 未标注为 :
2024-03-07 18:51:28,890 - ERROR - 101文件 本人有丰富的营销知识体系做基础；对于市场营销方面的前沿和动向有一定的了解，善于分析和吸取经验；熟悉网络推广，尤其是社会化媒体方面，有独到的见解和经验；个性开朗，容易相处，团队荣誉感强。 未标注为 :
2024-03-07 18:51:28,891 - ERROR - 101文件 CET-6，优秀的听说写能力；计算机二级，熟悉计算机各项操作；高级营销员，国家职业资格四级。 未标注为 :
2024-03-07 18:51:33,417 - ERROR - 101文件 负责社会化媒体营销团队的搭建工作，制定相关运营策略和指标，带领团队实施计划；网站常态运营活动规划和推进执行；相关数据报告和统计，为公司决策层提供决策依据；轻量级产品和应用的策划，统筹产品、技术团队成员实施。 未标注为 :
2024-03-07 18:51:33,420 - ERROR - 101文件 网络推广渠道搭建维护，包括QQ空间、微博、豆瓣等；负责软硬广投放，网络舆情监控，公关稿撰写，事件营销策划；标书制作和撰写，甲方沟通工作。 未标注为 :
2024-03-07 18:51:33,430 - ERROR - 101文件 主修课程：基本会计、统计学、市场营销、国际市场营销、市场调查与预测、商业心理学、广告学、公共关系学、货币银行学、经济法、国际贸易、大学英语、计算机应用等。 未标注为 :
2024-03-07 18:51:33,432 - ERROR - 101文件 本人有丰富的营销知识体系做基础；对于市场营销方面的前沿和动向有一定的了解，善于分析和吸取经验；熟悉网络推广，尤其是社会化媒体方面，有独到的见解和经验；个性开朗，容易相处，团队荣誉感强。 未标注为 :
2024-03-07 18:51:33,432 - ERROR - 101文件 CET-6，优秀的听说写能力；计算机二级，熟悉计算机各项操作；高级营销员，国家职业资格四级。 未标注为 :
2024-03-07 18:52:18,952 - ERROR - 101文件 负责社会化媒体营销团队的搭建工作，制定相关运营策略和指标，带领团队实施计划；网站常态运营活动规划和推进执行；相关数据报告和统计，为公司决策层提供决策依据；轻量级产品和应用的策划，统筹产品、技术团队成员实施。 未标注为 :
2024-03-07 18:52:18,955 - ERROR - 101文件 网络推广渠道搭建维护，包括QQ空间、微博、豆瓣等；负责软硬广投放，网络舆情监控，公关稿撰写，事件营销策划；标书制作和撰写，甲方沟通工作。 未标注为 :
2024-03-07 18:52:18,956 - ERROR - 101文件 主修课程：基本会计、统计学、市场营销、国际市场营销、市场调查与预测、商业心理学、广告学、公共关系学、货币银行学、经济法、国际贸易、大学英语、计算机应用等。 未标注为 :
2024-03-07 18:52:18,958 - ERROR - 101文件 本人有丰富的营销知识体系做基础；对于市场营销方面的前沿和动向有一定的了解，善于分析和吸取经验；熟悉网络推广，尤其是社会化媒体方面，有独到的见解和经验；个性开朗，容易相处，团队荣誉感强。 未标注为 :
2024-03-07 18:52:18,958 - ERROR - 101文件 CET-6，优秀的听说写能力；计算机二级，熟悉计算机各项操作；高级营销员，国家职业资格四级。 未标注为 :
2024-03-07 18:52:46,342 - ERROR - 101文件 负责社会化媒体营销团队的搭建工作，制定相关运营策略和指标，带领团队实施计划；网站常态运营活动规划和推进执行；相关数据报告和统计，为公司决策层提供决策依据；轻量级产品和应用的策划，统筹产品、技术团队成员实施。 未标注为 :
2024-03-07 18:52:46,345 - ERROR - 101文件 网络推广渠道搭建维护，包括QQ空间、微博、豆瓣等；负责软硬广投放，网络舆情监控，公关稿撰写，事件营销策划；标书制作和撰写，甲方沟通工作。 未标注为 :
2024-03-07 18:52:46,346 - ERROR - 101文件 主修课程：基本会计、统计学、市场营销、国际市场营销、市场调查与预测、商业心理学、广告学、公共关系学、货币银行学、经济法、国际贸易、大学英语、计算机应用等。 未标注为 :
2024-03-07 18:52:46,348 - ERROR - 101文件 本人有丰富的营销知识体系做基础；对于市场营销方面的前沿和动向有一定的了解，善于分析和吸取经验；熟悉网络推广，尤其是社会化媒体方面，有独到的见解和经验；个性开朗，容易相处，团队荣誉感强。 未标注为 :
2024-03-07 18:52:46,348 - ERROR - 101文件 CET-6，优秀的听说写能力；计算机二级，熟悉计算机各项操作；高级营销员，国家职业资格四级。 未标注为 :
2024-03-07 18:53:32,861 - ERROR - 101文件 负责社会化媒体营销团队的搭建工作，制定相关运营策略和指标，带领团队实施计划；网站常态运营活动规划和推进执行；相关数据报告和统计，为公司决策层提供决策依据；轻量级产品和应用的策划，统筹产品、技术团队成员实施。 未标注为 :
2024-03-07 18:53:32,866 - ERROR - 101文件 网络推广渠道搭建维护，包括QQ空间、微博、豆瓣等；负责软硬广投放，网络舆情监控，公关稿撰写，事件营销策划；标书制作和撰写，甲方沟通工作。 未标注为 :
2024-03-07 18:53:32,870 - ERROR - 101文件 主修课程：基本会计、统计学、市场营销、国际市场营销、市场调查与预测、商业心理学、广告学、公共关系学、货币银行学、经济法、国际贸易、大学英语、计算机应用等。 未标注为 :
2024-03-07 18:53:32,874 - ERROR - 101文件 本人有丰富的营销知识体系做基础；对于市场营销方面的前沿和动向有一定的了解，善于分析和吸取经验；熟悉网络推广，尤其是社会化媒体方面，有独到的见解和经验；个性开朗，容易相处，团队荣誉感强。 未标注为 :
2024-03-07 18:53:32,875 - ERROR - 101文件 CET-6，优秀的听说写能力；计算机二级，熟悉计算机各项操作；高级营销员，国家职业资格四级。 未标注为 :
2024-03-07 18:54:20,877 - ERROR - 101文件 负责社会化媒体营销团队的搭建工作，制定相关运营策略和指标，带领团队实施计划；网站常态运营活动规划和推进执行；相关数据报告和统计，为公司决策层提供决策依据；轻量级产品和应用的策划，统筹产品、技术团队成员实施。 未标注为 :
2024-03-07 18:54:20,883 - ERROR - 101文件 网络推广渠道搭建维护，包括QQ空间、微博、豆瓣等；负责软硬广投放，网络舆情监控，公关稿撰写，事件营销策划；标书制作和撰写，甲方沟通工作。 未标注为 :
2024-03-07 18:54:20,887 - ERROR - 101文件 主修课程：基本会计、统计学、市场营销、国际市场营销、市场调查与预测、商业心理学、广告学、公共关系学、货币银行学、经济法、国际贸易、大学英语、计算机应用等。 未标注为 :
2024-03-07 18:54:20,891 - ERROR - 101文件 本人有丰富的营销知识体系做基础；对于市场营销方面的前沿和动向有一定的了解，善于分析和吸取经验；熟悉网络推广，尤其是社会化媒体方面，有独到的见解和经验；个性开朗，容易相处，团队荣誉感强。 未标注为 :
2024-03-07 18:54:20,893 - ERROR - 101文件 CET-6，优秀的听说写能力；计算机二级，熟悉计算机各项操作；高级营销员，国家职业资格四级。 未标注为 :
2024-03-07 18:54:52,183 - ERROR - 101文件 负责社会化媒体营销团队的搭建工作，制定相关运营策略和指标，带领团队实施计划；网站常态运营活动规划和推进执行；相关数据报告和统计，为公司决策层提供决策依据；轻量级产品和应用的策划，统筹产品、技术团队成员实施。 未标注为 :
2024-03-07 18:54:52,185 - ERROR - 101文件 网络推广渠道搭建维护，包括QQ空间、微博、豆瓣等；负责软硬广投放，网络舆情监控，公关稿撰写，事件营销策划；标书制作和撰写，甲方沟通工作。 未标注为 :
2024-03-07 18:54:52,186 - ERROR - 101文件 主修课程：基本会计、统计学、市场营销、国际市场营销、市场调查与预测、商业心理学、广告学、公共关系学、货币银行学、经济法、国际贸易、大学英语、计算机应用等。 未标注为 :
2024-03-07 18:54:52,187 - ERROR - 101文件 本人有丰富的营销知识体系做基础；对于市场营销方面的前沿和动向有一定的了解，善于分析和吸取经验；熟悉网络推广，尤其是社会化媒体方面，有独到的见解和经验；个性开朗，容易相处，团队荣誉感强。 未标注为 :
2024-03-07 18:54:52,188 - ERROR - 101文件 CET-6，优秀的听说写能力；计算机二级，熟悉计算机各项操作；高级营销员，国家职业资格四级。 未标注为 :
2024-03-07 18:55:11,222 - ERROR - 101文件 负责社会化媒体营销团队的搭建工作，制定相关运营策略和指标，带领团队实施计划；网站常态运营活动规划和推进执行；相关数据报告和统计，为公司决策层提供决策依据；轻量级产品和应用的策划，统筹产品、技术团队成员实施。 未标注为 :
2024-03-07 18:55:11,224 - ERROR - 101文件 网络推广渠道搭建维护，包括QQ空间、微博、豆瓣等；负责软硬广投放，网络舆情监控，公关稿撰写，事件营销策划；标书制作和撰写，甲方沟通工作。 未标注为 :
2024-03-07 18:55:11,225 - ERROR - 101文件 主修课程：基本会计、统计学、市场营销、国际市场营销、市场调查与预测、商业心理学、广告学、公共关系学、货币银行学、经济法、国际贸易、大学英语、计算机应用等。 未标注为 :
2024-03-07 18:55:11,226 - ERROR - 101文件 本人有丰富的营销知识体系做基础；对于市场营销方面的前沿和动向有一定的了解，善于分析和吸取经验；熟悉网络推广，尤其是社会化媒体方面，有独到的见解和经验；个性开朗，容易相处，团队荣誉感强。 未标注为 :
2024-03-07 18:55:11,227 - ERROR - 101文件 CET-6，优秀的听说写能力；计算机二级，熟悉计算机各项操作；高级营销员，国家职业资格四级。 未标注为 :
2024-03-07 18:55:21,479 - ERROR - 101文件 负责社会化媒体营销团队的搭建工作，制定相关运营策略和指标，带领团队实施计划；网站常态运营活动规划和推进执行；相关数据报告和统计，为公司决策层提供决策依据；轻量级产品和应用的策划，统筹产品、技术团队成员实施。 未标注为 :
2024-03-07 18:55:21,481 - ERROR - 101文件 网络推广渠道搭建维护，包括QQ空间、微博、豆瓣等；负责软硬广投放，网络舆情监控，公关稿撰写，事件营销策划；标书制作和撰写，甲方沟通工作。 未标注为 :
2024-03-07 18:55:21,482 - ERROR - 101文件 主修课程：基本会计、统计学、市场营销、国际市场营销、市场调查与预测、商业心理学、广告学、公共关系学、货币银行学、经济法、国际贸易、大学英语、计算机应用等。 未标注为 :
2024-03-07 18:55:21,483 - ERROR - 101文件 本人有丰富的营销知识体系做基础；对于市场营销方面的前沿和动向有一定的了解，善于分析和吸取经验；熟悉网络推广，尤其是社会化媒体方面，有独到的见解和经验；个性开朗，容易相处，团队荣誉感强。 未标注为 :
2024-03-07 18:55:21,484 - ERROR - 101文件 CET-6，优秀的听说写能力；计算机二级，熟悉计算机各项操作；高级营销员，国家职业资格四级。 未标注为 :
2024-03-07 18:57:43,698 - ERROR - 101文件 负责社会化媒体营销团队的搭建工作，制定相关运营策略和指标，带领团队实施计划；网站常态运营活动规划和推进执行；相关数据报告和统计，为公司决策层提供决策依据；轻量级产品和应用的策划，统筹产品、技术团队成员实施。 未标注为 :
2024-03-07 18:57:43,700 - ERROR - 101文件 网络推广渠道搭建维护，包括QQ空间、微博、豆瓣等；负责软硬广投放，网络舆情监控，公关稿撰写，事件营销策划；标书制作和撰写，甲方沟通工作。 未标注为 :
2024-03-07 18:57:43,702 - ERROR - 101文件 主修课程：基本会计、统计学、市场营销、国际市场营销、市场调查与预测、商业心理学、广告学、公共关系学、货币银行学、经济法、国际贸易、大学英语、计算机应用等。 未标注为 :
2024-03-07 18:57:43,703 - ERROR - 101文件 本人有丰富的营销知识体系做基础；对于市场营销方面的前沿和动向有一定的了解，善于分析和吸取经验；熟悉网络推广，尤其是社会化媒体方面，有独到的见解和经验；个性开朗，容易相处，团队荣誉感强。 未标注为 :
2024-03-07 18:57:43,704 - ERROR - 101文件 CET-6，优秀的听说写能力；计算机二级，熟悉计算机各项操作；高级营销员，国家职业资格四级。 未标注为 :
2024-03-07 18:58:05,106 - ERROR - 101文件 负责社会化媒体营销团队的搭建工作，制定相关运营策略和指标，带领团队实施计划；网站常态运营活动规划和推进执行；相关数据报告和统计，为公司决策层提供决策依据；轻量级产品和应用的策划，统筹产品、技术团队成员实施。 未标注为 :
2024-03-07 18:58:05,108 - ERROR - 101文件 网络推广渠道搭建维护，包括QQ空间、微博、豆瓣等；负责软硬广投放，网络舆情监控，公关稿撰写，事件营销策划；标书制作和撰写，甲方沟通工作。 未标注为 :
2024-03-07 18:58:05,110 - ERROR - 101文件 主修课程：基本会计、统计学、市场营销、国际市场营销、市场调查与预测、商业心理学、广告学、公共关系学、货币银行学、经济法、国际贸易、大学英语、计算机应用等。 未标注为 :
2024-03-07 18:58:05,111 - ERROR - 101文件 本人有丰富的营销知识体系做基础；对于市场营销方面的前沿和动向有一定的了解，善于分析和吸取经验；熟悉网络推广，尤其是社会化媒体方面，有独到的见解和经验；个性开朗，容易相处，团队荣誉感强。 未标注为 :
2024-03-07 18:58:05,112 - ERROR - 101文件 CET-6，优秀的听说写能力；计算机二级，熟悉计算机各项操作；高级营销员，国家职业资格四级。 未标注为 :
2024-03-07 18:58:18,935 - ERROR - 101文件 负责社会化媒体营销团队的搭建工作，制定相关运营策略和指标，带领团队实施计划；网站常态运营活动规划和推进执行；相关数据报告和统计，为公司决策层提供决策依据；轻量级产品和应用的策划，统筹产品、技术团队成员实施。 未标注为 :
2024-03-07 18:58:18,936 - ERROR - 101文件 网络推广渠道搭建维护，包括QQ空间、微博、豆瓣等；负责软硬广投放，网络舆情监控，公关稿撰写，事件营销策划；标书制作和撰写，甲方沟通工作。 未标注为 :
2024-03-07 18:58:18,937 - ERROR - 101文件 主修课程：基本会计、统计学、市场营销、国际市场营销、市场调查与预测、商业心理学、广告学、公共关系学、货币银行学、经济法、国际贸易、大学英语、计算机应用等。 未标注为 :
2024-03-07 18:58:18,938 - ERROR - 101文件 本人有丰富的营销知识体系做基础；对于市场营销方面的前沿和动向有一定的了解，善于分析和吸取经验；熟悉网络推广，尤其是社会化媒体方面，有独到的见解和经验；个性开朗，容易相处，团队荣誉感强。 未标注为 :
2024-03-07 18:58:18,939 - ERROR - 101文件 CET-6，优秀的听说写能力；计算机二级，熟悉计算机各项操作；高级营销员，国家职业资格四级。 未标注为 :
2024-03-07 19:03:15,184 - ERROR - 101文件 负责社会化媒体营销团队的搭建工作，制定相关运营策略和指标，带领团队实施计划；网站常态运营活动规划和推进执行；相关数据报告和统计，为公司决策层提供决策依据；轻量级产品和应用的策划，统筹产品、技术团队成员实施。 未标注为 :
2024-03-07 19:03:15,186 - ERROR - 101文件 网络推广渠道搭建维护，包括QQ空间、微博、豆瓣等；负责软硬广投放，网络舆情监控，公关稿撰写，事件营销策划；标书制作和撰写，甲方沟通工作。 未标注为 :
2024-03-07 19:03:15,187 - ERROR - 101文件 主修课程：基本会计、统计学、市场营销、国际市场营销、市场调查与预测、商业心理学、广告学、公共关系学、货币银行学、经济法、国际贸易、大学英语、计算机应用等。 未标注为 :
2024-03-07 19:03:15,188 - ERROR - 101文件 本人有丰富的营销知识体系做基础；对于市场营销方面的前沿和动向有一定的了解，善于分析和吸取经验；熟悉网络推广，尤其是社会化媒体方面，有独到的见解和经验；个性开朗，容易相处，团队荣誉感强。 未标注为 :
2024-03-07 19:03:15,189 - ERROR - 101文件 CET-6，优秀的听说写能力；计算机二级，熟悉计算机各项操作；高级营销员，国家职业资格四级。 未标注为 :
2024-03-07 19:03:20,174 - ERROR - 101文件 负责社会化媒体营销团队的搭建工作，制定相关运营策略和指标，带领团队实施计划；网站常态运营活动规划和推进执行；相关数据报告和统计，为公司决策层提供决策依据；轻量级产品和应用的策划，统筹产品、技术团队成员实施。 未标注为 :
2024-03-07 19:03:20,178 - ERROR - 101文件 网络推广渠道搭建维护，包括QQ空间、微博、豆瓣等；负责软硬广投放，网络舆情监控，公关稿撰写，事件营销策划；标书制作和撰写，甲方沟通工作。 未标注为 :
2024-03-07 19:03:20,180 - ERROR - 101文件 主修课程：基本会计、统计学、市场营销、国际市场营销、市场调查与预测、商业心理学、广告学、公共关系学、货币银行学、经济法、国际贸易、大学英语、计算机应用等。 未标注为 :
2024-03-07 19:03:20,181 - ERROR - 101文件 本人有丰富的营销知识体系做基础；对于市场营销方面的前沿和动向有一定的了解，善于分析和吸取经验；熟悉网络推广，尤其是社会化媒体方面，有独到的见解和经验；个性开朗，容易相处，团队荣誉感强。 未标注为 :
2024-03-07 19:03:20,182 - ERROR - 101文件 CET-6，优秀的听说写能力；计算机二级，熟悉计算机各项操作；高级营销员，国家职业资格四级。 未标注为 :
2024-03-07 19:16:20,493 - ERROR - 101文件 负责社会化媒体营销团队的搭建工作，制定相关运营策略和指标，带领团队实施计划；网站常态运营活动规划和推进执行；相关数据报告和统计，为公司决策层提供决策依据；轻量级产品和应用的策划，统筹产品、技术团队成员实施。 未标注为 :
2024-03-07 19:16:20,495 - ERROR - 101文件 网络推广渠道搭建维护，包括QQ空间、微博、豆瓣等；负责软硬广投放，网络舆情监控，公关稿撰写，事件营销策划；标书制作和撰写，甲方沟通工作。 未标注为 :
2024-03-07 19:16:20,496 - ERROR - 101文件 主修课程：基本会计、统计学、市场营销、国际市场营销、市场调查与预测、商业心理学、广告学、公共关系学、货币银行学、经济法、国际贸易、大学英语、计算机应用等。 未标注为 :
2024-03-07 19:16:20,497 - ERROR - 101文件 本人有丰富的营销知识体系做基础；对于市场营销方面的前沿和动向有一定的了解，善于分析和吸取经验；熟悉网络推广，尤其是社会化媒体方面，有独到的见解和经验；个性开朗，容易相处，团队荣誉感强。 未标注为 :
2024-03-07 19:16:20,498 - ERROR - 101文件 CET-6，优秀的听说写能力；计算机二级，熟悉计算机各项操作；高级营销员，国家职业资格四级。 未标注为 :
2024-03-07 20:07:46,091 - ERROR - 101文件 负责社会化媒体营销团队的搭建工作，制定相关运营策略和指标，带领团队实施计划；网站常态运营活动规划和推进执行；相关数据报告和统计，为公司决策层提供决策依据；轻量级产品和应用的策划，统筹产品、技术团队成员实施。 未标注为 :
2024-03-07 20:07:46,094 - ERROR - 101文件 网络推广渠道搭建维护，包括QQ空间、微博、豆瓣等；负责软硬广投放，网络舆情监控，公关稿撰写，事件营销策划；标书制作和撰写，甲方沟通工作。 未标注为 :
2024-03-07 20:07:46,095 - ERROR - 101文件 主修课程：基本会计、统计学、市场营销、国际市场营销、市场调查与预测、商业心理学、广告学、公共关系学、货币银行学、经济法、国际贸易、大学英语、计算机应用等。 未标注为 :
2024-03-07 20:07:46,096 - ERROR - 101文件 本人有丰富的营销知识体系做基础；对于市场营销方面的前沿和动向有一定的了解，善于分析和吸取经验；熟悉网络推广，尤其是社会化媒体方面，有独到的见解和经验；个性开朗，容易相处，团队荣誉感强。 未标注为 :
2024-03-07 20:07:46,097 - ERROR - 101文件 CET-6，优秀的听说写能力；计算机二级，熟悉计算机各项操作；高级营销员，国家职业资格四级。 未标注为 :
2024-03-07 20:07:56,173 - ERROR - 101文件 负责社会化媒体营销团队的搭建工作，制定相关运营策略和指标，带领团队实施计划；网站常态运营活动规划和推进执行；相关数据报告和统计，为公司决策层提供决策依据；轻量级产品和应用的策划，统筹产品、技术团队成员实施。 未标注为 :
2024-03-07 20:07:56,175 - ERROR - 101文件 网络推广渠道搭建维护，包括QQ空间、微博、豆瓣等；负责软硬广投放，网络舆情监控，公关稿撰写，事件营销策划；标书制作和撰写，甲方沟通工作。 未标注为 :
2024-03-07 20:07:56,176 - ERROR - 101文件 主修课程：基本会计、统计学、市场营销、国际市场营销、市场调查与预测、商业心理学、广告学、公共关系学、货币银行学、经济法、国际贸易、大学英语、计算机应用等。 未标注为 :
2024-03-07 20:07:56,177 - ERROR - 101文件 本人有丰富的营销知识体系做基础；对于市场营销方面的前沿和动向有一定的了解，善于分析和吸取经验；熟悉网络推广，尤其是社会化媒体方面，有独到的见解和经验；个性开朗，容易相处，团队荣誉感强。 未标注为 :
2024-03-07 20:07:56,177 - ERROR - 101文件 CET-6，优秀的听说写能力；计算机二级，熟悉计算机各项操作；高级营销员，国家职业资格四级。 未标注为 :
2024-03-07 20:08:02,653 - ERROR - 101文件 负责社会化媒体营销团队的搭建工作，制定相关运营策略和指标，带领团队实施计划；网站常态运营活动规划和推进执行；相关数据报告和统计，为公司决策层提供决策依据；轻量级产品和应用的策划，统筹产品、技术团队成员实施。 未标注为 :
2024-03-07 20:08:02,654 - ERROR - 101文件 网络推广渠道搭建维护，包括QQ空间、微博、豆瓣等；负责软硬广投放，网络舆情监控，公关稿撰写，事件营销策划；标书制作和撰写，甲方沟通工作。 未标注为 :
2024-03-07 20:08:02,655 - ERROR - 101文件 主修课程：基本会计、统计学、市场营销、国际市场营销、市场调查与预测、商业心理学、广告学、公共关系学、货币银行学、经济法、国际贸易、大学英语、计算机应用等。 未标注为 :
2024-03-07 20:08:02,656 - ERROR - 101文件 本人有丰富的营销知识体系做基础；对于市场营销方面的前沿和动向有一定的了解，善于分析和吸取经验；熟悉网络推广，尤其是社会化媒体方面，有独到的见解和经验；个性开朗，容易相处，团队荣誉感强。 未标注为 :
2024-03-07 20:08:02,657 - ERROR - 101文件 CET-6，优秀的听说写能力；计算机二级，熟悉计算机各项操作；高级营销员，国家职业资格四级。 未标注为 :
2024-03-07 20:45:00,833 - ERROR - 101文件 负责社会化媒体营销团队的搭建工作，制定相关运营策略和指标，带领团队实施计划；网站常态运营活动规划和推进执行；相关数据报告和统计，为公司决策层提供决策依据；轻量级产品和应用的策划，统筹产品、技术团队成员实施。 未标注为 :
2024-03-07 20:45:00,836 - ERROR - 101文件 网络推广渠道搭建维护，包括QQ空间、微博、豆瓣等；负责软硬广投放，网络舆情监控，公关稿撰写，事件营销策划；标书制作和撰写，甲方沟通工作。 未标注为 :
2024-03-07 20:45:00,837 - ERROR - 101文件 主修课程：基本会计、统计学、市场营销、国际市场营销、市场调查与预测、商业心理学、广告学、公共关系学、货币银行学、经济法、国际贸易、大学英语、计算机应用等。 未标注为 :
2024-03-07 20:45:00,838 - ERROR - 101文件 本人有丰富的营销知识体系做基础；对于市场营销方面的前沿和动向有一定的了解，善于分析和吸取经验；熟悉网络推广，尤其是社会化媒体方面，有独到的见解和经验；个性开朗，容易相处，团队荣誉感强。 未标注为 :
2024-03-07 20:45:00,839 - ERROR - 101文件 CET-6，优秀的听说写能力；计算机二级，熟悉计算机各项操作；高级营销员，国家职业资格四级。 未标注为 :
2024-03-07 22:15:02,569 - ERROR - json文件不存在./Corpus/all_tag.json
2024-03-07 22:15:02,569 - ERROR - json文件不存在./Corpus/all_tag.json
2024-03-07 22:15:21,963 - ERROR - json文件不存在./Corpus/all_tag.json
2024-03-07 22:15:21,964 - ERROR - json文件不存在./Corpus/all_tag.json
2024-03-07 22:15:50,472 - ERROR - json文件不存在./Corpus/all_tag.json
2024-03-07 22:15:50,472 - ERROR - json文件不存在./Corpus/all_tag.json
