2024-03-05 00:19:02,902 - INFO - 101文件 蔡于纬 标注为 NM
2024-03-05 00:19:02,902 - INFO - 101文件 23 标注为 AG
2024-03-05 00:19:02,902 - INFO - 101文件 13511223344 标注为 TL
2024-03-05 00:19:02,902 - INFO - 101文件 广东省广州市 标注为 LV
2024-03-05 00:19:02,902 - INFO - 101文件 2022.08至今 标注为 WE_TM_0
2024-03-05 00:19:02,902 - INFO - 101文件 卓望信息科技有限公司 标注为 WE_OG_0
2024-03-05 00:19:02,902 - INFO - 101文件 营运推广主管 标注为 WE_RL_0
2024-03-05 00:19:02,903 - INFO - 101文件 2021.8-2022.8 标注为 WE_TM_1
2024-03-05 00:19:02,903 - INFO - 101文件 广州灵心沙文化活动有限公司 标注为 WE_OG_1
2024-03-05 00:19:02,903 - INFO - 101文件 市场推广专员 标注为 WE_RL_1
2024-03-05 00:19:02,904 - INFO - 101文件 2018.9-2021.6 标注为 ED_TM_0
2024-03-05 00:19:02,904 - INFO - 101文件 华南师范大学附属中学 标注为 ED_SC_0
2024-03-05 00:19:02,904 - INFO - 101文件 高中 标注为 ED_DG_0
2024-03-05 00:19:02,906 - INFO - 101文件 市场专员 标注为 CO
2024-03-05 00:19:02,906 - INFO - 101文件 service@500d.me 标注为 EM
2024-03-05 00:20:26,284 - INFO - 101文件 蔡于纬 标注为 NM
2024-03-05 00:20:26,284 - INFO - 101文件 23 标注为 AG
2024-03-05 00:20:26,284 - INFO - 101文件 13511223344 标注为 TL
2024-03-05 00:20:26,284 - INFO - 101文件 广东省广州市 标注为 LV
2024-03-05 00:20:26,284 - INFO - 101文件 2022.08至今 标注为 WE_TM_0
2024-03-05 00:20:26,284 - INFO - 101文件 卓望信息科技有限公司 标注为 WE_OG_0
2024-03-05 00:20:26,284 - INFO - 101文件 营运推广主管 标注为 WE_RL_0
2024-03-05 00:20:26,285 - INFO - 101文件 2021.8-2022.8 标注为 WE_TM_1
2024-03-05 00:20:26,285 - INFO - 101文件 广州灵心沙文化活动有限公司 标注为 WE_OG_1
2024-03-05 00:20:26,285 - INFO - 101文件 市场推广专员 标注为 WE_RL_1
2024-03-05 00:20:26,286 - INFO - 101文件 2018.9-2021.6 标注为 ED_TM_0
2024-03-05 00:20:26,286 - INFO - 101文件 华南师范大学附属中学 标注为 ED_SC_0
2024-03-05 00:20:26,286 - INFO - 101文件 高中 标注为 ED_DG_0
2024-03-05 00:20:26,287 - INFO - 101文件 市场专员 标注为 CO
2024-03-05 00:20:26,288 - INFO - 101文件 service@500d.me 标注为 EM
2024-03-05 00:20:40,719 - INFO - 101文件 蔡于纬 标注为 NM
2024-03-05 00:20:40,719 - INFO - 101文件 23 标注为 AG
2024-03-05 00:20:40,719 - INFO - 101文件 13511223344 标注为 TL
2024-03-05 00:20:40,719 - INFO - 101文件 广东省广州市 标注为 LV
2024-03-05 00:20:40,719 - INFO - 101文件 2022.08至今 标注为 WE_TM_0
2024-03-05 00:20:40,719 - INFO - 101文件 卓望信息科技有限公司 标注为 WE_OG_0
2024-03-05 00:20:40,719 - INFO - 101文件 营运推广主管 标注为 WE_RL_0
2024-03-05 00:20:40,720 - INFO - 101文件 2021.8-2022.8 标注为 WE_TM_1
2024-03-05 00:20:40,720 - INFO - 101文件 广州灵心沙文化活动有限公司 标注为 WE_OG_1
2024-03-05 00:20:40,720 - INFO - 101文件 市场推广专员 标注为 WE_RL_1
2024-03-05 00:20:40,721 - INFO - 101文件 2018.9-2021.6 标注为 ED_TM_0
2024-03-05 00:20:40,721 - INFO - 101文件 华南师范大学附属中学 标注为 ED_SC_0
2024-03-05 00:20:40,721 - INFO - 101文件 高中 标注为 ED_DG_0
2024-03-05 00:20:40,723 - INFO - 101文件 市场专员 标注为 CO
2024-03-05 00:20:40,723 - INFO - 101文件 service@500d.me 标注为 EM
2024-03-05 00:20:47,468 - INFO - 101文件 蔡于纬 标注为 NM
2024-03-05 00:20:47,468 - INFO - 101文件 23 标注为 AG
2024-03-05 00:20:47,468 - INFO - 101文件 13511223344 标注为 TL
2024-03-05 00:20:47,468 - INFO - 101文件 广东省广州市 标注为 LV
2024-03-05 00:20:47,468 - INFO - 101文件 2022.08至今 标注为 WE_TM_0
2024-03-05 00:20:47,468 - INFO - 101文件 卓望信息科技有限公司 标注为 WE_OG_0
2024-03-05 00:20:47,468 - INFO - 101文件 营运推广主管 标注为 WE_RL_0
2024-03-05 00:20:47,469 - INFO - 101文件 2021.8-2022.8 标注为 WE_TM_1
2024-03-05 00:20:47,470 - INFO - 101文件 广州灵心沙文化活动有限公司 标注为 WE_OG_1
2024-03-05 00:20:47,470 - INFO - 101文件 市场推广专员 标注为 WE_RL_1
2024-03-05 00:20:47,471 - INFO - 101文件 2018.9-2021.6 标注为 ED_TM_0
2024-03-05 00:20:47,471 - INFO - 101文件 华南师范大学附属中学 标注为 ED_SC_0
2024-03-05 00:20:47,471 - INFO - 101文件 高中 标注为 ED_DG_0
2024-03-05 00:20:47,473 - INFO - 101文件 市场专员 标注为 CO
2024-03-05 00:20:47,474 - INFO - 101文件 service@500d.me 标注为 EM
2024-03-05 00:21:34,902 - INFO - 101文件 蔡于纬 标注为 NM
2024-03-05 00:21:34,902 - INFO - 101文件 23 标注为 AG
2024-03-05 00:21:34,902 - INFO - 101文件 13511223344 标注为 TL
2024-03-05 00:21:34,902 - INFO - 101文件 广东省广州市 标注为 LV
2024-03-05 00:21:34,902 - INFO - 101文件 2022.08至今 标注为 WE_TM_0
2024-03-05 00:21:34,902 - INFO - 101文件 卓望信息科技有限公司 标注为 WE_OG_0
2024-03-05 00:21:34,902 - INFO - 101文件 营运推广主管 标注为 WE_RL_0
2024-03-05 00:21:34,903 - INFO - 101文件 2021.8-2022.8 标注为 WE_TM_1
2024-03-05 00:21:34,903 - INFO - 101文件 广州灵心沙文化活动有限公司 标注为 WE_OG_1
2024-03-05 00:21:34,903 - INFO - 101文件 市场推广专员 标注为 WE_RL_1
2024-03-05 00:21:34,904 - INFO - 101文件 2018.9-2021.6 标注为 ED_TM_0
2024-03-05 00:21:34,904 - INFO - 101文件 华南师范大学附属中学 标注为 ED_SC_0
2024-03-05 00:21:34,904 - INFO - 101文件 高中 标注为 ED_DG_0
2024-03-05 00:21:34,905 - INFO - 101文件 市场专员 标注为 CO
2024-03-05 00:21:34,906 - INFO - 101文件 service@500d.me 标注为 EM
2024-03-05 00:21:43,584 - INFO - 101文件 蔡于纬 标注为 NM
2024-03-05 00:21:43,584 - INFO - 101文件 23 标注为 AG
2024-03-05 00:21:43,584 - INFO - 101文件 13511223344 标注为 TL
2024-03-05 00:21:43,584 - INFO - 101文件 广东省广州市 标注为 LV
2024-03-05 00:21:43,584 - INFO - 101文件 2022.08至今 标注为 WE_TM_0
2024-03-05 00:21:43,584 - INFO - 101文件 卓望信息科技有限公司 标注为 WE_OG_0
2024-03-05 00:21:43,585 - INFO - 101文件 营运推广主管 标注为 WE_RL_0
2024-03-05 00:21:43,586 - INFO - 101文件 2021.8-2022.8 标注为 WE_TM_1
2024-03-05 00:21:43,586 - INFO - 101文件 广州灵心沙文化活动有限公司 标注为 WE_OG_1
2024-03-05 00:21:43,586 - INFO - 101文件 市场推广专员 标注为 WE_RL_1
2024-03-05 00:21:43,587 - INFO - 101文件 2018.9-2021.6 标注为 ED_TM_0
2024-03-05 00:21:43,587 - INFO - 101文件 华南师范大学附属中学 标注为 ED_SC_0
2024-03-05 00:21:43,587 - INFO - 101文件 高中 标注为 ED_DG_0
2024-03-05 00:21:43,589 - INFO - 101文件 市场专员 标注为 CO
2024-03-05 00:21:43,590 - INFO - 101文件 service@500d.me 标注为 EM
2024-03-05 00:23:12,827 - INFO - 101文件 蔡于纬 标注为 NM
2024-03-05 00:23:12,827 - INFO - 101文件 23 标注为 AG
2024-03-05 00:23:12,828 - INFO - 101文件 13511223344 标注为 TL
2024-03-05 00:23:12,828 - INFO - 101文件 广东省广州市 标注为 LV
2024-03-05 00:23:27,097 - INFO - 101文件 2022.08至今 标注为 WE_TM_0
2024-03-05 00:23:42,353 - INFO - 101文件 卓望信息科技有限公司 标注为 WE_OG_0
2024-03-05 00:23:48,117 - INFO - 101文件 营运推广主管 标注为 WE_RL_0
2024-03-05 00:24:08,466 - INFO - 101文件 2021.8-2022.8 标注为 WE_TM_1
2024-03-05 00:24:12,470 - INFO - 101文件 广州灵心沙文化活动有限公司 标注为 WE_OG_1
2024-03-05 00:24:13,979 - INFO - 101文件 市场推广专员 标注为 WE_RL_1
2024-03-05 00:24:37,442 - INFO - 101文件 2018.9-2021.6 标注为 ED_TM_0
2024-03-05 00:24:39,990 - INFO - 101文件 华南师范大学附属中学 标注为 ED_SC_0
2024-03-05 00:24:41,441 - INFO - 101文件 高中 标注为 ED_DG_0
2024-03-05 00:25:19,379 - INFO - 101文件 市场专员 标注为 CO
2024-03-05 00:25:19,380 - INFO - 101文件 service@500d.me 标注为 EM
2024-03-05 00:25:56,616 - INFO - 101文件 蔡于纬 标注为 NM
2024-03-05 00:25:56,616 - INFO - 101文件 23 标注为 AG
2024-03-05 00:25:56,616 - INFO - 101文件 13511223344 标注为 TL
2024-03-05 00:25:56,616 - INFO - 101文件 广东省广州市 标注为 LV
2024-03-05 00:25:56,616 - INFO - 101文件 2022.08至今 标注为 WE_TM_0
2024-03-05 00:25:56,616 - INFO - 101文件 卓望信息科技有限公司 标注为 WE_OG_0
2024-03-05 00:25:56,617 - INFO - 101文件 营运推广主管 标注为 WE_RL_0
2024-03-05 00:25:56,617 - INFO - 101文件 2021.8-2022.8 标注为 WE_TM_1
2024-03-05 00:25:56,617 - INFO - 101文件 广州灵心沙文化活动有限公司 标注为 WE_OG_1
2024-03-05 00:25:56,617 - INFO - 101文件 市场推广专员 标注为 WE_RL_1
2024-03-05 00:25:56,618 - INFO - 101文件 2018.9-2021.6 标注为 ED_TM_0
2024-03-05 00:25:56,618 - INFO - 101文件 华南师范大学附属中学 标注为 ED_SC_0
2024-03-05 00:25:56,618 - INFO - 101文件 高中 标注为 ED_DG_0
2024-03-05 00:25:56,620 - INFO - 101文件 市场专员 标注为 CO
2024-03-05 00:25:56,620 - INFO - 101文件 service@500d.me 标注为 EM
2024-03-05 00:27:30,502 - INFO - 101文件 蔡于纬 标注为 NM
2024-03-05 00:27:30,502 - INFO - 101文件 23 标注为 AG
2024-03-05 00:27:30,502 - INFO - 101文件 13511223344 标注为 TL
2024-03-05 00:27:30,502 - INFO - 101文件 广东省广州市 标注为 LV
2024-03-05 00:27:30,503 - INFO - 101文件 2022.08至今 标注为 WE_TM_0
2024-03-05 00:27:30,503 - INFO - 101文件 卓望信息科技有限公司 标注为 WE_OG_0
2024-03-05 00:27:30,503 - INFO - 101文件 营运推广主管 标注为 WE_RL_0
2024-03-05 00:27:30,504 - INFO - 101文件 2021.8-2022.8 标注为 WE_TM_1
2024-03-05 00:27:30,504 - INFO - 101文件 广州灵心沙文化活动有限公司 标注为 WE_OG_1
2024-03-05 00:27:30,504 - INFO - 101文件 市场推广专员 标注为 WE_RL_1
2024-03-05 00:27:30,504 - INFO - 101文件 2018.9-2021.6 标注为 ED_TM_0
2024-03-05 00:27:30,504 - INFO - 101文件 华南师范大学附属中学 标注为 ED_SC_0
2024-03-05 00:27:30,505 - INFO - 101文件 高中 标注为 ED_DG_0
2024-03-05 00:27:30,506 - INFO - 101文件 市场专员 标注为 CO
2024-03-05 00:27:30,506 - INFO - 101文件 service@500d.me 标注为 EM
2024-03-05 00:27:35,533 - INFO - 101文件 蔡于纬 标注为 NM
2024-03-05 00:27:35,533 - INFO - 101文件 23 标注为 AG
2024-03-05 00:27:35,533 - INFO - 101文件 13511223344 标注为 TL
2024-03-05 00:27:35,533 - INFO - 101文件 广东省广州市 标注为 LV
2024-03-05 00:27:35,533 - INFO - 101文件 2022.08至今 标注为 WE_TM_0
2024-03-05 00:27:35,533 - INFO - 101文件 卓望信息科技有限公司 标注为 WE_OG_0
2024-03-05 00:27:35,533 - INFO - 101文件 营运推广主管 标注为 WE_RL_0
2024-03-05 00:27:35,534 - INFO - 101文件 2021.8-2022.8 标注为 WE_TM_1
2024-03-05 00:27:35,534 - INFO - 101文件 广州灵心沙文化活动有限公司 标注为 WE_OG_1
2024-03-05 00:27:35,534 - INFO - 101文件 市场推广专员 标注为 WE_RL_1
2024-03-05 00:27:35,535 - INFO - 101文件 2018.9-2021.6 标注为 ED_TM_0
2024-03-05 00:27:35,535 - INFO - 101文件 华南师范大学附属中学 标注为 ED_SC_0
2024-03-05 00:27:35,535 - INFO - 101文件 高中 标注为 ED_DG_0
2024-03-05 00:27:35,536 - INFO - 101文件 市场专员 标注为 CO
2024-03-05 00:27:35,537 - INFO - 101文件 service@500d.me 标注为 EM
2024-03-05 12:28:51,620 - INFO - 101文件 蔡于纬 标注为 NM
2024-03-05 12:28:51,621 - INFO - 101文件 23 标注为 AG
2024-03-05 12:28:51,621 - INFO - 101文件 13511223344 标注为 TL
2024-03-05 12:28:51,621 - INFO - 101文件 广东省广州市 标注为 LV
2024-03-05 12:28:51,621 - INFO - 101文件 2022.08至今 标注为 WE_TM_0
2024-03-05 12:28:51,621 - INFO - 101文件 卓望信息科技有限公司 标注为 WE_OG_0
2024-03-05 12:28:51,621 - INFO - 101文件 营运推广主管 标注为 WE_RL_0
2024-03-05 12:28:51,622 - INFO - 101文件 2021.8-2022.8 标注为 WE_TM_1
2024-03-05 12:28:51,622 - INFO - 101文件 广州灵心沙文化活动有限公司 标注为 WE_OG_1
2024-03-05 12:28:51,622 - INFO - 101文件 市场推广专员 标注为 WE_RL_1
2024-03-05 12:28:51,623 - INFO - 101文件 2018.9-2021.6 标注为 ED_TM_0
2024-03-05 12:28:51,623 - INFO - 101文件 华南师范大学附属中学 标注为 ED_SC_0
2024-03-05 12:28:51,623 - INFO - 101文件 高中 标注为 ED_DG_0
2024-03-05 12:28:51,625 - INFO - 101文件 市场专员 标注为 CO
2024-03-05 12:28:51,625 - INFO - 101文件 service@500d.me 标注为 EM
2024-03-05 12:29:57,139 - INFO - 101文件 蔡于纬 标注为 NM
2024-03-05 12:29:57,139 - INFO - 101文件 23 标注为 AG
2024-03-05 12:29:57,139 - INFO - 101文件 13511223344 标注为 TL
2024-03-05 12:29:57,139 - INFO - 101文件 广东省广州市 标注为 LV
2024-03-05 12:29:57,140 - INFO - 101文件 2022.08至今 标注为 WE_TM_0
2024-03-05 12:29:57,140 - INFO - 101文件 卓望信息科技有限公司 标注为 WE_OG_0
2024-03-05 12:29:57,140 - INFO - 101文件 营运推广主管 标注为 WE_RL_0
2024-03-05 12:29:57,140 - INFO - 101文件 2021.8-2022.8 标注为 WE_TM_1
2024-03-05 12:29:57,140 - INFO - 101文件 广州灵心沙文化活动有限公司 标注为 WE_OG_1
2024-03-05 12:29:57,140 - INFO - 101文件 市场推广专员 标注为 WE_RL_1
2024-03-05 12:29:57,141 - INFO - 101文件 2018.9-2021.6 标注为 ED_TM_0
2024-03-05 12:29:57,141 - INFO - 101文件 华南师范大学附属中学 标注为 ED_SC_0
2024-03-05 12:29:57,141 - INFO - 101文件 高中 标注为 ED_DG_0
2024-03-05 12:29:57,143 - INFO - 101文件 市场专员 标注为 CO
2024-03-05 12:29:57,144 - INFO - 101文件 service@500d.me 标注为 EM
2024-03-05 12:30:04,896 - INFO - 101文件 蔡于纬 标注为 NM
2024-03-05 12:30:04,896 - INFO - 101文件 23 标注为 AG
2024-03-05 12:30:04,896 - INFO - 101文件 13511223344 标注为 TL
2024-03-05 12:30:04,896 - INFO - 101文件 广东省广州市 标注为 LV
2024-03-05 12:30:04,897 - INFO - 101文件 2022.08至今 标注为 WE_TM_0
2024-03-05 12:30:04,897 - INFO - 101文件 卓望信息科技有限公司 标注为 WE_OG_0
2024-03-05 12:30:04,897 - INFO - 101文件 营运推广主管 标注为 WE_RL_0
2024-03-05 12:30:04,898 - INFO - 101文件 2021.8-2022.8 标注为 WE_TM_1
2024-03-05 12:30:04,898 - INFO - 101文件 广州灵心沙文化活动有限公司 标注为 WE_OG_1
2024-03-05 12:30:04,898 - INFO - 101文件 市场推广专员 标注为 WE_RL_1
2024-03-05 12:30:04,900 - INFO - 101文件 2018.9-2021.6 标注为 ED_TM_0
2024-03-05 12:30:04,900 - INFO - 101文件 华南师范大学附属中学 标注为 ED_SC_0
2024-03-05 12:30:04,900 - INFO - 101文件 高中 标注为 ED_DG_0
2024-03-05 12:30:04,902 - INFO - 101文件 市场专员 标注为 CO
2024-03-05 12:30:04,902 - INFO - 101文件 service@500d.me 标注为 EM
2024-03-05 12:33:16,607 - INFO - 101文件 蔡于纬 标注为 NM
2024-03-05 12:34:08,337 - INFO - 101文件 23 标注为 AG
2024-03-05 12:35:08,668 - INFO - 101文件 13511223344 标注为 TL
2024-03-05 12:35:11,678 - INFO - 101文件 广东省广州市 标注为 LV
2024-03-05 12:35:17,708 - INFO - 101文件 2022.08至今 标注为 WE_TM_0
2024-03-05 12:36:41,669 - INFO - 101文件 卓望信息科技有限公司 标注为 WE_OG_0
2024-03-05 12:37:12,096 - INFO - 101文件 营运推广主管 标注为 WE_RL_0
2024-03-05 12:44:21,083 - INFO - 101文件 蔡于纬 标注为 NM
2024-03-05 12:44:21,083 - INFO - 101文件 23 标注为 AG
2024-03-05 12:44:21,084 - INFO - 101文件 13511223344 标注为 TL
2024-03-05 12:44:21,084 - INFO - 101文件 广东省广州市 标注为 LV
2024-03-05 12:44:21,084 - INFO - 101文件 2022.08至今 标注为 WE_TM_0
2024-03-05 12:44:21,084 - INFO - 101文件 卓望信息科技有限公司 标注为 WE_OG_0
2024-03-05 12:44:21,084 - INFO - 101文件 营运推广主管 标注为 WE_RL_0
2024-03-05 12:44:21,087 - INFO - 101文件 2021.8-2022.8 标注为 WE_TM_1
2024-03-05 12:44:21,088 - INFO - 101文件 广州灵心沙文化活动有限公司 标注为 WE_OG_1
2024-03-05 12:44:21,088 - INFO - 101文件 市场推广专员 标注为 WE_RL_1
2024-03-05 12:44:21,091 - INFO - 101文件 2018.9-2021.6 标注为 ED_TM_0
2024-03-05 12:44:21,091 - INFO - 101文件 华南师范大学附属中学 标注为 ED_SC_0
2024-03-05 12:44:21,091 - INFO - 101文件 高中 标注为 ED_DG_0
2024-03-05 12:44:21,096 - INFO - 101文件 市场专员 标注为 CO
2024-03-05 12:44:21,097 - INFO - 101文件 service@500d.me 标注为 EM
2024-03-05 12:44:44,590 - INFO - 101文件 蔡于纬 标注为 NM
2024-03-05 12:44:44,591 - INFO - 101文件 23 标注为 AG
2024-03-05 12:44:44,591 - INFO - 101文件 13511223344 标注为 TL
2024-03-05 12:44:44,591 - INFO - 101文件 广东省广州市 标注为 LV
2024-03-05 12:44:44,591 - INFO - 101文件 2022.08至今 标注为 WE_TM_0
2024-03-05 12:44:44,591 - INFO - 101文件 卓望信息科技有限公司 标注为 WE_OG_0
2024-03-05 12:44:44,591 - INFO - 101文件 营运推广主管 标注为 WE_RL_0
2024-03-05 12:44:44,593 - INFO - 101文件 2021.8-2022.8 标注为 WE_TM_1
2024-03-05 12:44:44,593 - INFO - 101文件 广州灵心沙文化活动有限公司 标注为 WE_OG_1
2024-03-05 12:44:44,593 - INFO - 101文件 市场推广专员 标注为 WE_RL_1
2024-03-05 12:44:44,594 - INFO - 101文件 2018.9-2021.6 标注为 ED_TM_0
2024-03-05 12:44:44,594 - INFO - 101文件 华南师范大学附属中学 标注为 ED_SC_0
2024-03-05 12:44:44,594 - INFO - 101文件 高中 标注为 ED_DG_0
2024-03-05 12:44:44,597 - INFO - 101文件 市场专员 标注为 CO
2024-03-05 12:44:44,598 - INFO - 101文件 service@500d.me 标注为 EM
2024-03-05 21:45:55,877 - INFO - 101文件 蔡于纬 标注为 NM
2024-03-05 21:45:55,878 - INFO - 101文件 23 标注为 AG
2024-03-05 21:45:55,878 - INFO - 101文件 13511223344 标注为 TL
2024-03-05 21:45:55,878 - INFO - 101文件 广东省广州市 标注为 LV
2024-03-05 21:45:55,878 - INFO - 101文件 2022.08至今 标注为 WE_TM_0
2024-03-05 21:45:55,878 - INFO - 101文件 卓望信息科技有限公司 标注为 WE_OG_0
2024-03-05 21:45:55,878 - INFO - 101文件 营运推广主管 标注为 WE_RL_0
2024-03-05 21:45:55,882 - INFO - 101文件 2021.8-2022.8 标注为 WE_TM_1
2024-03-05 21:45:55,882 - INFO - 101文件 广州灵心沙文化活动有限公司 标注为 WE_OG_1
2024-03-05 21:45:55,883 - INFO - 101文件 市场推广专员 标注为 WE_RL_1
2024-03-05 21:45:55,884 - INFO - 101文件 2018.9-2021.6 标注为 ED_TM_0
2024-03-05 21:45:55,884 - INFO - 101文件 华南师范大学附属中学 标注为 ED_SC_0
2024-03-05 21:45:55,884 - INFO - 101文件 高中 标注为 ED_DG_0
2024-03-05 21:45:55,886 - INFO - 101文件 市场专员 标注为 CO
2024-03-05 21:45:55,887 - INFO - 101文件 service@500d.me 标注为 EM
2024-03-07 14:57:02,603 - INFO - 101文件 蔡于纬 标注为 NM
2024-03-07 14:57:02,603 - INFO - 101文件 23 标注为 AG
2024-03-07 14:57:02,603 - INFO - 101文件 13511223344 标注为 TL
2024-03-07 14:57:02,604 - INFO - 101文件 广东省广州市 标注为 LV
2024-03-07 14:57:02,604 - INFO - 101文件 2022.08至今 标注为 WE_TM
2024-03-07 14:57:02,604 - INFO - 101文件 卓望信息科技有限公司 标注为 WE_OG
2024-03-07 14:57:02,604 - INFO - 101文件 营运推广主管 标注为 WE_RL
2024-03-07 14:57:02,608 - INFO - 101文件 2021.8-2022.8 标注为 WE_TM
2024-03-07 14:57:02,608 - INFO - 101文件 广州灵心沙文化活动有限公司 标注为 WE_OG
2024-03-07 14:57:02,608 - INFO - 101文件 市场推广专员 标注为 WE_RL
2024-03-07 14:57:02,610 - INFO - 101文件 2018.9-2021.6 标注为 ED_TM
2024-03-07 14:57:02,610 - INFO - 101文件 华南师范大学附属中学 标注为 ED_SC
2024-03-07 14:57:02,610 - INFO - 101文件 高中 标注为 ED_DG
2024-03-07 14:57:02,612 - INFO - 101文件 市场专员 标注为 CO
2024-03-07 14:57:02,613 - INFO - 101文件 service@500d.me 标注为 EM
2024-03-07 18:04:42,615 - INFO - 101文件 蔡于纬 标注为 NM
2024-03-07 18:04:42,620 - INFO - 101文件 23 标注为 AG
2024-03-07 18:04:42,620 - INFO - 101文件 13511223344 标注为 TL
2024-03-07 18:04:42,620 - INFO - 101文件 广东省广州市 标注为 LV
2024-03-07 18:04:42,620 - INFO - 101文件 2022.08至今 标注为 WE_TM
2024-03-07 18:04:42,620 - INFO - 101文件 卓望信息科技有限公司 标注为 WE_OG
2024-03-07 18:04:42,622 - INFO - 101文件 营运推广主管 标注为 WE_RL
2024-03-07 18:04:42,624 - INFO - 101文件 2021.8-2022.8 标注为 WE_TM
2024-03-07 18:04:42,625 - INFO - 101文件 广州灵心沙文化活动有限公司 标注为 WE_OG
2024-03-07 18:04:42,625 - INFO - 101文件 市场推广专员 标注为 WE_RL
2024-03-07 18:04:42,626 - INFO - 101文件 2018.9-2021.6 标注为 ED_TM
2024-03-07 18:04:42,626 - INFO - 101文件 华南师范大学附属中学 标注为 ED_SC
2024-03-07 18:04:42,626 - INFO - 101文件 高中 标注为 ED_DG
2024-03-07 18:04:42,637 - INFO - 101文件 市场专员 标注为 CO
2024-03-07 18:04:42,637 - INFO - 101文件 service@500d.me 标注为 EM
2024-03-07 18:20:32,196 - INFO - 101文件 蔡于纬 标注为 NM
2024-03-07 18:20:32,199 - INFO - 101文件 23 标注为 AG
2024-03-07 18:20:32,199 - INFO - 101文件 13511223344 标注为 TL
2024-03-07 18:20:32,199 - INFO - 101文件 广东省广州市 标注为 LV
2024-03-07 18:20:32,199 - INFO - 101文件 2022.08至今 标注为 WE_TM
2024-03-07 18:20:32,200 - INFO - 101文件 卓望信息科技有限公司 标注为 WE_OG
2024-03-07 18:20:32,200 - INFO - 101文件 营运推广主管 标注为 WE_RL
2024-03-07 18:20:32,202 - INFO - 101文件 2021.8-2022.8 标注为 WE_TM
2024-03-07 18:20:32,202 - INFO - 101文件 广州灵心沙文化活动有限公司 标注为 WE_OG
2024-03-07 18:20:32,203 - INFO - 101文件 市场推广专员 标注为 WE_RL
2024-03-07 18:20:32,204 - INFO - 101文件 2018.9-2021.6 标注为 ED_TM
2024-03-07 18:20:32,204 - INFO - 101文件 华南师范大学附属中学 标注为 ED_SC
2024-03-07 18:20:32,204 - INFO - 101文件 高中 标注为 ED_DG
2024-03-07 18:20:32,216 - INFO - 101文件 市场专员 标注为 CO
2024-03-07 18:20:32,216 - INFO - 101文件 service@500d.me 标注为 EM
2024-03-07 18:22:44,731 - INFO - 101文件 蔡于纬 标注为 NM
2024-03-07 18:22:44,731 - INFO - 101文件 23 标注为 AG
2024-03-07 18:22:44,731 - INFO - 101文件 13511223344 标注为 TL
2024-03-07 18:22:44,731 - INFO - 101文件 广东省广州市 标注为 LV
2024-03-07 18:22:44,732 - INFO - 101文件 2022.08至今 标注为 WE_TM
2024-03-07 18:22:44,732 - INFO - 101文件 卓望信息科技有限公司 标注为 WE_OG
2024-03-07 18:22:44,732 - INFO - 101文件 营运推广主管 标注为 WE_RL
2024-03-07 18:22:44,735 - INFO - 101文件 2021.8-2022.8 标注为 WE_TM
2024-03-07 18:22:44,735 - INFO - 101文件 广州灵心沙文化活动有限公司 标注为 WE_OG
2024-03-07 18:22:44,735 - INFO - 101文件 市场推广专员 标注为 WE_RL
2024-03-07 18:22:44,736 - INFO - 101文件 2018.9-2021.6 标注为 ED_TM
2024-03-07 18:22:44,737 - INFO - 101文件 华南师范大学附属中学 标注为 ED_SC
2024-03-07 18:22:44,737 - INFO - 101文件 高中 标注为 ED_DG
2024-03-07 18:22:44,739 - INFO - 101文件 市场专员 标注为 CO
2024-03-07 18:22:44,740 - INFO - 101文件 service@500d.me 标注为 EM
2024-03-07 18:50:57,679 - INFO - 101文件 蔡于纬 标注为 NM
2024-03-07 18:50:57,679 - INFO - 101文件 23 标注为 AG
2024-03-07 18:50:57,679 - INFO - 101文件 13511223344 标注为 TL
2024-03-07 18:50:57,679 - INFO - 101文件 广东省广州市 标注为 LV
2024-03-07 18:50:57,680 - INFO - 101文件 2022.08至今 标注为 WE_TM
2024-03-07 18:50:57,680 - INFO - 101文件 卓望信息科技有限公司 标注为 WE_OG
2024-03-07 18:50:57,680 - INFO - 101文件 营运推广主管 标注为 WE_RL
2024-03-07 18:50:57,681 - INFO - 101文件 2021.8-2022.8 标注为 WE_TM
2024-03-07 18:50:57,681 - INFO - 101文件 广州灵心沙文化活动有限公司 标注为 WE_OG
2024-03-07 18:50:57,681 - INFO - 101文件 市场推广专员 标注为 WE_RL
2024-03-07 18:50:57,683 - INFO - 101文件 2018.9-2021.6 标注为 ED_TM
2024-03-07 18:50:57,683 - INFO - 101文件 华南师范大学附属中学 标注为 ED_SC
2024-03-07 18:50:57,683 - INFO - 101文件 高中 标注为 ED_DG
2024-03-07 18:50:57,685 - INFO - 101文件 市场专员 标注为 CO
2024-03-07 18:50:57,686 - INFO - 101文件 service@500d.me 标注为 EM
2024-03-07 18:51:14,504 - INFO - 101文件 蔡于纬 标注为 NM
2024-03-07 18:51:14,504 - INFO - 101文件 23 标注为 AG
2024-03-07 18:51:14,505 - INFO - 101文件 13511223344 标注为 TL
2024-03-07 18:51:14,505 - INFO - 101文件 广东省广州市 标注为 LV
2024-03-07 18:51:14,505 - INFO - 101文件 2022.08至今 标注为 WE_TM
2024-03-07 18:51:14,505 - INFO - 101文件 卓望信息科技有限公司 标注为 WE_OG
2024-03-07 18:51:14,505 - INFO - 101文件 营运推广主管 标注为 WE_RL
2024-03-07 18:51:14,506 - INFO - 101文件 2021.8-2022.8 标注为 WE_TM
2024-03-07 18:51:14,507 - INFO - 101文件 广州灵心沙文化活动有限公司 标注为 WE_OG
2024-03-07 18:51:14,507 - INFO - 101文件 市场推广专员 标注为 WE_RL
2024-03-07 18:51:14,508 - INFO - 101文件 2018.9-2021.6 标注为 ED_TM
2024-03-07 18:51:14,508 - INFO - 101文件 华南师范大学附属中学 标注为 ED_SC
2024-03-07 18:51:14,509 - INFO - 101文件 高中 标注为 ED_DG
2024-03-07 18:51:14,510 - INFO - 101文件 市场专员 标注为 CO
2024-03-07 18:51:14,510 - INFO - 101文件 service@500d.me 标注为 EM
2024-03-07 18:51:28,882 - INFO - 101文件 蔡于纬 标注为 NM
2024-03-07 18:51:28,883 - INFO - 101文件 23 标注为 AG
2024-03-07 18:51:28,883 - INFO - 101文件 13511223344 标注为 TL
2024-03-07 18:51:28,883 - INFO - 101文件 广东省广州市 标注为 LV
2024-03-07 18:51:28,883 - INFO - 101文件 2022.08至今 标注为 WE_TM
2024-03-07 18:51:28,883 - INFO - 101文件 卓望信息科技有限公司 标注为 WE_OG
2024-03-07 18:51:28,883 - INFO - 101文件 营运推广主管 标注为 WE_RL
2024-03-07 18:51:28,887 - INFO - 101文件 2021.8-2022.8 标注为 WE_TM
2024-03-07 18:51:28,887 - INFO - 101文件 广州灵心沙文化活动有限公司 标注为 WE_OG
2024-03-07 18:51:28,887 - INFO - 101文件 市场推广专员 标注为 WE_RL
2024-03-07 18:51:28,889 - INFO - 101文件 2018.9-2021.6 标注为 ED_TM
2024-03-07 18:51:28,889 - INFO - 101文件 华南师范大学附属中学 标注为 ED_SC
2024-03-07 18:51:28,889 - INFO - 101文件 高中 标注为 ED_DG
2024-03-07 18:51:28,891 - INFO - 101文件 市场专员 标注为 CO
2024-03-07 18:51:28,891 - INFO - 101文件 service@500d.me 标注为 EM
2024-03-07 18:51:33,415 - INFO - 101文件 蔡于纬 标注为 NM
2024-03-07 18:51:33,415 - INFO - 101文件 23 标注为 AG
2024-03-07 18:51:33,415 - INFO - 101文件 13511223344 标注为 TL
2024-03-07 18:51:33,416 - INFO - 101文件 广东省广州市 标注为 LV
2024-03-07 18:51:33,416 - INFO - 101文件 2022.08至今 标注为 WE_TM
2024-03-07 18:51:33,416 - INFO - 101文件 卓望信息科技有限公司 标注为 WE_OG
2024-03-07 18:51:33,416 - INFO - 101文件 营运推广主管 标注为 WE_RL
2024-03-07 18:51:33,419 - INFO - 101文件 2021.8-2022.8 标注为 WE_TM
2024-03-07 18:51:33,420 - INFO - 101文件 广州灵心沙文化活动有限公司 标注为 WE_OG
2024-03-07 18:51:33,420 - INFO - 101文件 市场推广专员 标注为 WE_RL
2024-03-07 18:51:33,421 - INFO - 101文件 2018.9-2021.6 标注为 ED_TM
2024-03-07 18:51:33,430 - INFO - 101文件 华南师范大学附属中学 标注为 ED_SC
2024-03-07 18:51:33,430 - INFO - 101文件 高中 标注为 ED_DG
2024-03-07 18:51:33,432 - INFO - 101文件 市场专员 标注为 CO
2024-03-07 18:51:33,433 - INFO - 101文件 service@500d.me 标注为 EM
2024-03-07 18:52:18,950 - INFO - 101文件 蔡于纬 标注为 NM
2024-03-07 18:52:18,951 - INFO - 101文件 23 标注为 AG
2024-03-07 18:52:18,951 - INFO - 101文件 13511223344 标注为 TL
2024-03-07 18:52:18,951 - INFO - 101文件 广东省广州市 标注为 LV
2024-03-07 18:52:18,951 - INFO - 101文件 2022.08至今 标注为 WE_TM
2024-03-07 18:52:18,951 - INFO - 101文件 卓望信息科技有限公司 标注为 WE_OG
2024-03-07 18:52:18,951 - INFO - 101文件 营运推广主管 标注为 WE_RL
2024-03-07 18:52:18,954 - INFO - 101文件 2021.8-2022.8 标注为 WE_TM
2024-03-07 18:52:18,954 - INFO - 101文件 广州灵心沙文化活动有限公司 标注为 WE_OG
2024-03-07 18:52:18,954 - INFO - 101文件 市场推广专员 标注为 WE_RL
2024-03-07 18:52:18,956 - INFO - 101文件 2018.9-2021.6 标注为 ED_TM
2024-03-07 18:52:18,956 - INFO - 101文件 华南师范大学附属中学 标注为 ED_SC
2024-03-07 18:52:18,956 - INFO - 101文件 高中 标注为 ED_DG
2024-03-07 18:52:18,958 - INFO - 101文件 市场专员 标注为 CO
2024-03-07 18:52:18,959 - INFO - 101文件 service@500d.me 标注为 EM
2024-03-07 18:52:46,341 - INFO - 101文件 蔡于纬 标注为 NM
2024-03-07 18:52:46,341 - INFO - 101文件 23 标注为 AG
2024-03-07 18:52:46,341 - INFO - 101文件 13511223344 标注为 TL
2024-03-07 18:52:46,341 - INFO - 101文件 广东省广州市 标注为 LV
2024-03-07 18:52:46,341 - INFO - 101文件 2022.08至今 标注为 WE_TM
2024-03-07 18:52:46,342 - INFO - 101文件 卓望信息科技有限公司 标注为 WE_OG
2024-03-07 18:52:46,342 - INFO - 101文件 营运推广主管 标注为 WE_RL
2024-03-07 18:52:46,344 - INFO - 101文件 2021.8-2022.8 标注为 WE_TM
2024-03-07 18:52:46,344 - INFO - 101文件 广州灵心沙文化活动有限公司 标注为 WE_OG
2024-03-07 18:52:46,345 - INFO - 101文件 市场推广专员 标注为 WE_RL
2024-03-07 18:52:46,346 - INFO - 101文件 2018.9-2021.6 标注为 ED_TM
2024-03-07 18:52:46,346 - INFO - 101文件 华南师范大学附属中学 标注为 ED_SC
2024-03-07 18:52:46,346 - INFO - 101文件 高中 标注为 ED_DG
2024-03-07 18:52:46,348 - INFO - 101文件 市场专员 标注为 CO
2024-03-07 18:52:46,349 - INFO - 101文件 service@500d.me 标注为 EM
2024-03-07 18:53:32,858 - INFO - 101文件 蔡于纬 标注为 NM
2024-03-07 18:53:32,858 - INFO - 101文件 23 标注为 AG
2024-03-07 18:53:32,858 - INFO - 101文件 13511223344 标注为 TL
2024-03-07 18:53:32,859 - INFO - 101文件 广东省广州市 标注为 LV
2024-03-07 18:53:32,859 - INFO - 101文件 2022.08至今 标注为 WE_TM
2024-03-07 18:53:32,859 - INFO - 101文件 卓望信息科技有限公司 标注为 WE_OG
2024-03-07 18:53:32,860 - INFO - 101文件 营运推广主管 标注为 WE_RL
2024-03-07 18:53:32,865 - INFO - 101文件 2021.8-2022.8 标注为 WE_TM
2024-03-07 18:53:32,865 - INFO - 101文件 广州灵心沙文化活动有限公司 标注为 WE_OG
2024-03-07 18:53:32,865 - INFO - 101文件 市场推广专员 标注为 WE_RL
2024-03-07 18:53:32,869 - INFO - 101文件 2018.9-2021.6 标注为 ED_TM
2024-03-07 18:53:32,869 - INFO - 101文件 华南师范大学附属中学 标注为 ED_SC
2024-03-07 18:53:32,869 - INFO - 101文件 高中 标注为 ED_DG
2024-03-07 18:53:32,875 - INFO - 101文件 市场专员 标注为 CO
2024-03-07 18:53:32,876 - INFO - 101文件 service@500d.me 标注为 EM
2024-03-07 18:54:17,759 - INFO - 101文件 蔡于纬 标注为 NM
2024-03-07 18:54:20,874 - INFO - 101文件 23 标注为 AG
2024-03-07 18:54:20,874 - INFO - 101文件 13511223344 标注为 TL
2024-03-07 18:54:20,875 - INFO - 101文件 广东省广州市 标注为 LV
2024-03-07 18:54:20,875 - INFO - 101文件 2022.08至今 标注为 WE_TM
2024-03-07 18:54:20,876 - INFO - 101文件 卓望信息科技有限公司 标注为 WE_OG
2024-03-07 18:54:20,876 - INFO - 101文件 营运推广主管 标注为 WE_RL
2024-03-07 18:54:20,881 - INFO - 101文件 2021.8-2022.8 标注为 WE_TM
2024-03-07 18:54:20,882 - INFO - 101文件 广州灵心沙文化活动有限公司 标注为 WE_OG
2024-03-07 18:54:20,882 - INFO - 101文件 市场推广专员 标注为 WE_RL
2024-03-07 18:54:20,886 - INFO - 101文件 2018.9-2021.6 标注为 ED_TM
2024-03-07 18:54:20,886 - INFO - 101文件 华南师范大学附属中学 标注为 ED_SC
2024-03-07 18:54:20,887 - INFO - 101文件 高中 标注为 ED_DG
2024-03-07 18:54:20,893 - INFO - 101文件 市场专员 标注为 CO
2024-03-07 18:54:20,894 - INFO - 101文件 service@500d.me 标注为 EM
2024-03-07 18:54:52,181 - INFO - 101文件 蔡于纬 标注为 NM
2024-03-07 18:54:52,181 - INFO - 101文件 23 标注为 AG
2024-03-07 18:54:52,182 - INFO - 101文件 13511223344 标注为 TL
2024-03-07 18:54:52,182 - INFO - 101文件 广东省广州市 标注为 LV
2024-03-07 18:54:52,182 - INFO - 101文件 2022.08至今 标注为 WE_TM
2024-03-07 18:54:52,182 - INFO - 101文件 卓望信息科技有限公司 标注为 WE_OG
2024-03-07 18:54:52,182 - INFO - 101文件 营运推广主管 标注为 WE_RL
2024-03-07 18:54:52,185 - INFO - 101文件 2021.8-2022.8 标注为 WE_TM
2024-03-07 18:54:52,185 - INFO - 101文件 广州灵心沙文化活动有限公司 标注为 WE_OG
2024-03-07 18:54:52,185 - INFO - 101文件 市场推广专员 标注为 WE_RL
2024-03-07 18:54:52,186 - INFO - 101文件 2018.9-2021.6 标注为 ED_TM
2024-03-07 18:54:52,186 - INFO - 101文件 华南师范大学附属中学 标注为 ED_SC
2024-03-07 18:54:52,186 - INFO - 101文件 高中 标注为 ED_DG
2024-03-07 18:54:52,188 - INFO - 101文件 市场专员 标注为 CO
2024-03-07 18:54:52,189 - INFO - 101文件 service@500d.me 标注为 EM
2024-03-07 18:55:11,221 - INFO - 101文件 蔡于纬 标注为 NM
2024-03-07 18:55:11,221 - INFO - 101文件 23 标注为 AG
2024-03-07 18:55:11,221 - INFO - 101文件 13511223344 标注为 TL
2024-03-07 18:55:11,221 - INFO - 101文件 广东省广州市 标注为 LV
2024-03-07 18:55:11,221 - INFO - 101文件 2022.08至今 标注为 WE_TM
2024-03-07 18:55:11,221 - INFO - 101文件 卓望信息科技有限公司 标注为 WE_OG
2024-03-07 18:55:11,222 - INFO - 101文件 营运推广主管 标注为 WE_RL
2024-03-07 18:55:11,224 - INFO - 101文件 2021.8-2022.8 标注为 WE_TM
2024-03-07 18:55:11,224 - INFO - 101文件 广州灵心沙文化活动有限公司 标注为 WE_OG
2024-03-07 18:55:11,224 - INFO - 101文件 市场推广专员 标注为 WE_RL
2024-03-07 18:55:11,225 - INFO - 101文件 2018.9-2021.6 标注为 ED_TM
2024-03-07 18:55:11,225 - INFO - 101文件 华南师范大学附属中学 标注为 ED_SC
2024-03-07 18:55:11,225 - INFO - 101文件 高中 标注为 ED_DG
2024-03-07 18:55:11,227 - INFO - 101文件 市场专员 标注为 CO
2024-03-07 18:55:11,227 - INFO - 101文件 service@500d.me 标注为 EM
2024-03-07 18:55:21,478 - INFO - 101文件 蔡于纬 标注为 NM
2024-03-07 18:55:21,478 - INFO - 101文件 23 标注为 AG
2024-03-07 18:55:21,478 - INFO - 101文件 13511223344 标注为 TL
2024-03-07 18:55:21,478 - INFO - 101文件 广东省广州市 标注为 LV
2024-03-07 18:55:21,478 - INFO - 101文件 2022.08至今 标注为 WE_TM
2024-03-07 18:55:21,478 - INFO - 101文件 卓望信息科技有限公司 标注为 WE_OG
2024-03-07 18:55:21,478 - INFO - 101文件 营运推广主管 标注为 WE_RL
2024-03-07 18:55:21,481 - INFO - 101文件 2021.8-2022.8 标注为 WE_TM
2024-03-07 18:55:21,481 - INFO - 101文件 广州灵心沙文化活动有限公司 标注为 WE_OG
2024-03-07 18:55:21,481 - INFO - 101文件 市场推广专员 标注为 WE_RL
2024-03-07 18:55:21,482 - INFO - 101文件 2018.9-2021.6 标注为 ED_TM
2024-03-07 18:55:21,482 - INFO - 101文件 华南师范大学附属中学 标注为 ED_SC
2024-03-07 18:55:21,482 - INFO - 101文件 高中 标注为 ED_DG
2024-03-07 18:55:21,484 - INFO - 101文件 市场专员 标注为 CO
2024-03-07 18:55:21,484 - INFO - 101文件 service@500d.me 标注为 EM
2024-03-07 18:57:43,697 - INFO - 101文件 蔡于纬 标注为 NM
2024-03-07 18:57:43,697 - INFO - 101文件 23 标注为 AG
2024-03-07 18:57:43,697 - INFO - 101文件 13511223344 标注为 TL
2024-03-07 18:57:43,697 - INFO - 101文件 广东省广州市 标注为 LV
2024-03-07 18:57:43,698 - INFO - 101文件 2022.08至今 标注为 WE_TM
2024-03-07 18:57:43,698 - INFO - 101文件 卓望信息科技有限公司 标注为 WE_OG
2024-03-07 18:57:43,698 - INFO - 101文件 营运推广主管 标注为 WE_RL
2024-03-07 18:57:43,699 - INFO - 101文件 2021.8-2022.8 标注为 WE_TM
2024-03-07 18:57:43,700 - INFO - 101文件 广州灵心沙文化活动有限公司 标注为 WE_OG
2024-03-07 18:57:43,700 - INFO - 101文件 市场推广专员 标注为 WE_RL
2024-03-07 18:57:43,701 - INFO - 101文件 2018.9-2021.6 标注为 ED_TM
2024-03-07 18:57:43,701 - INFO - 101文件 华南师范大学附属中学 标注为 ED_SC
2024-03-07 18:57:43,701 - INFO - 101文件 高中 标注为 ED_DG
2024-03-07 18:57:43,704 - INFO - 101文件 市场专员 标注为 CO
2024-03-07 18:57:43,704 - INFO - 101文件 service@500d.me 标注为 EM
2024-03-07 18:58:05,105 - INFO - 101文件 蔡于纬 标注为 NM
2024-03-07 18:58:05,105 - INFO - 101文件 23 标注为 AG
2024-03-07 18:58:05,105 - INFO - 101文件 13511223344 标注为 TL
2024-03-07 18:58:05,106 - INFO - 101文件 广东省广州市 标注为 LV
2024-03-07 18:58:05,106 - INFO - 101文件 2022.08至今 标注为 WE_TM
2024-03-07 18:58:05,106 - INFO - 101文件 卓望信息科技有限公司 标注为 WE_OG
2024-03-07 18:58:05,106 - INFO - 101文件 营运推广主管 标注为 WE_RL
2024-03-07 18:58:05,108 - INFO - 101文件 2021.8-2022.8 标注为 WE_TM
2024-03-07 18:58:05,108 - INFO - 101文件 广州灵心沙文化活动有限公司 标注为 WE_OG
2024-03-07 18:58:05,108 - INFO - 101文件 市场推广专员 标注为 WE_RL
2024-03-07 18:58:05,109 - INFO - 101文件 2018.9-2021.6 标注为 ED_TM
2024-03-07 18:58:05,109 - INFO - 101文件 华南师范大学附属中学 标注为 ED_SC
2024-03-07 18:58:05,109 - INFO - 101文件 高中 标注为 ED_DG
2024-03-07 18:58:05,111 - INFO - 101文件 市场专员 标注为 CO
2024-03-07 18:58:05,112 - INFO - 101文件 service@500d.me 标注为 EM
2024-03-07 18:58:18,934 - INFO - 101文件 蔡于纬 标注为 NM
2024-03-07 18:58:18,934 - INFO - 101文件 23 标注为 AG
2024-03-07 18:58:18,934 - INFO - 101文件 13511223344 标注为 TL
2024-03-07 18:58:18,934 - INFO - 101文件 广东省广州市 标注为 LV
2024-03-07 18:58:18,934 - INFO - 101文件 2022.08至今 标注为 WE_TM
2024-03-07 18:58:18,934 - INFO - 101文件 卓望信息科技有限公司 标注为 WE_OG
2024-03-07 18:58:18,935 - INFO - 101文件 营运推广主管 标注为 WE_RL
2024-03-07 18:58:18,936 - INFO - 101文件 2021.8-2022.8 标注为 WE_TM
2024-03-07 18:58:18,936 - INFO - 101文件 广州灵心沙文化活动有限公司 标注为 WE_OG
2024-03-07 18:58:18,936 - INFO - 101文件 市场推广专员 标注为 WE_RL
2024-03-07 18:58:18,937 - INFO - 101文件 2018.9-2021.6 标注为 ED_TM
2024-03-07 18:58:18,937 - INFO - 101文件 华南师范大学附属中学 标注为 ED_SC
2024-03-07 18:58:18,937 - INFO - 101文件 高中 标注为 ED_DG
2024-03-07 18:58:18,939 - INFO - 101文件 市场专员 标注为 CO
2024-03-07 18:58:18,939 - INFO - 101文件 service@500d.me 标注为 EM
2024-03-07 19:03:15,183 - INFO - 101文件 蔡于纬 标注为 NM
2024-03-07 19:03:15,183 - INFO - 101文件 23 标注为 AG
2024-03-07 19:03:15,183 - INFO - 101文件 13511223344 标注为 TL
2024-03-07 19:03:15,184 - INFO - 101文件 广东省广州市 标注为 LV
2024-03-07 19:03:15,184 - INFO - 101文件 2022.08至今 标注为 WE_TM
2024-03-07 19:03:15,184 - INFO - 101文件 卓望信息科技有限公司 标注为 WE_OG
2024-03-07 19:03:15,184 - INFO - 101文件 营运推广主管 标注为 WE_RL
2024-03-07 19:03:15,186 - INFO - 101文件 2021.8-2022.8 标注为 WE_TM
2024-03-07 19:03:15,186 - INFO - 101文件 广州灵心沙文化活动有限公司 标注为 WE_OG
2024-03-07 19:03:15,186 - INFO - 101文件 市场推广专员 标注为 WE_RL
2024-03-07 19:03:15,187 - INFO - 101文件 2018.9-2021.6 标注为 ED_TM
2024-03-07 19:03:15,187 - INFO - 101文件 华南师范大学附属中学 标注为 ED_SC
2024-03-07 19:03:15,187 - INFO - 101文件 高中 标注为 ED_DG
2024-03-07 19:03:15,189 - INFO - 101文件 市场专员 标注为 CO
2024-03-07 19:03:15,189 - INFO - 101文件 service@500d.me 标注为 EM
2024-03-07 19:03:20,172 - INFO - 101文件 蔡于纬 标注为 NM
2024-03-07 19:03:20,172 - INFO - 101文件 23 标注为 AG
2024-03-07 19:03:20,173 - INFO - 101文件 13511223344 标注为 TL
2024-03-07 19:03:20,173 - INFO - 101文件 广东省广州市 标注为 LV
2024-03-07 19:03:20,173 - INFO - 101文件 2022.08至今 标注为 WE_TM
2024-03-07 19:03:20,173 - INFO - 101文件 卓望信息科技有限公司 标注为 WE_OG
2024-03-07 19:03:20,174 - INFO - 101文件 营运推广主管 标注为 WE_RL
2024-03-07 19:03:20,177 - INFO - 101文件 2021.8-2022.8 标注为 WE_TM
2024-03-07 19:03:20,177 - INFO - 101文件 广州灵心沙文化活动有限公司 标注为 WE_OG
2024-03-07 19:03:20,178 - INFO - 101文件 市场推广专员 标注为 WE_RL
2024-03-07 19:03:20,179 - INFO - 101文件 2018.9-2021.6 标注为 ED_TM
2024-03-07 19:03:20,179 - INFO - 101文件 华南师范大学附属中学 标注为 ED_SC
2024-03-07 19:03:20,179 - INFO - 101文件 高中 标注为 ED_DG
2024-03-07 19:03:20,182 - INFO - 101文件 市场专员 标注为 CO
2024-03-07 19:03:20,183 - INFO - 101文件 service@500d.me 标注为 EM
2024-03-07 19:16:20,492 - INFO - 101文件 蔡于纬 标注为 NM
2024-03-07 19:16:20,492 - INFO - 101文件 23 标注为 AG
2024-03-07 19:16:20,492 - INFO - 101文件 13511223344 标注为 TL
2024-03-07 19:16:20,492 - INFO - 101文件 广东省广州市 标注为 LV
2024-03-07 19:16:20,492 - INFO - 101文件 2022.08至今 标注为 WE_TM
2024-03-07 19:16:20,492 - INFO - 101文件 卓望信息科技有限公司 标注为 WE_OG
2024-03-07 19:16:20,492 - INFO - 101文件 营运推广主管 标注为 WE_RL
2024-03-07 19:16:20,495 - INFO - 101文件 2021.8-2022.8 标注为 WE_TM
2024-03-07 19:16:20,495 - INFO - 101文件 广州灵心沙文化活动有限公司 标注为 WE_OG
2024-03-07 19:16:20,495 - INFO - 101文件 市场推广专员 标注为 WE_RL
2024-03-07 19:16:20,496 - INFO - 101文件 2018.9-2021.6 标注为 ED_TM
2024-03-07 19:16:20,496 - INFO - 101文件 华南师范大学附属中学 标注为 ED_SC
2024-03-07 19:16:20,496 - INFO - 101文件 高中 标注为 ED_DG
2024-03-07 19:16:20,498 - INFO - 101文件 市场专员 标注为 CO
2024-03-07 19:16:20,499 - INFO - 101文件 service@500d.me 标注为 EM
2024-03-07 20:07:46,090 - INFO - 101文件 蔡于纬 标注为 NM
2024-03-07 20:07:46,090 - INFO - 101文件 23 标注为 AG
2024-03-07 20:07:46,090 - INFO - 101文件 13511223344 标注为 TL
2024-03-07 20:07:46,090 - INFO - 101文件 广东省广州市 标注为 LV
2024-03-07 20:07:46,090 - INFO - 101文件 2022.08至今 标注为 WE_TM
2024-03-07 20:07:46,090 - INFO - 101文件 卓望信息科技有限公司 标注为 WE_OG
2024-03-07 20:07:46,090 - INFO - 101文件 营运推广主管 标注为 WE_RL
2024-03-07 20:07:46,093 - INFO - 101文件 2021.8-2022.8 标注为 WE_TM
2024-03-07 20:07:46,093 - INFO - 101文件 广州灵心沙文化活动有限公司 标注为 WE_OG
2024-03-07 20:07:46,094 - INFO - 101文件 市场推广专员 标注为 WE_RL
2024-03-07 20:07:46,094 - INFO - 101文件 2018.9-2021.6 标注为 ED_TM
2024-03-07 20:07:46,095 - INFO - 101文件 华南师范大学附属中学 标注为 ED_SC
2024-03-07 20:07:46,095 - INFO - 101文件 高中 标注为 ED_DG
2024-03-07 20:07:46,096 - INFO - 101文件 市场专员 标注为 CO
2024-03-07 20:07:46,097 - INFO - 101文件 service@500d.me 标注为 EM
2024-03-07 20:07:56,172 - INFO - 101文件 蔡于纬 标注为 NM
2024-03-07 20:07:56,172 - INFO - 101文件 23 标注为 AG
2024-03-07 20:07:56,172 - INFO - 101文件 13511223344 标注为 TL
2024-03-07 20:07:56,173 - INFO - 101文件 广东省广州市 标注为 LV
2024-03-07 20:07:56,173 - INFO - 101文件 2022.08至今 标注为 WE_TM
2024-03-07 20:07:56,173 - INFO - 101文件 卓望信息科技有限公司 标注为 WE_OG
2024-03-07 20:07:56,173 - INFO - 101文件 营运推广主管 标注为 WE_RL
2024-03-07 20:07:56,174 - INFO - 101文件 2021.8-2022.8 标注为 WE_TM
2024-03-07 20:07:56,174 - INFO - 101文件 广州灵心沙文化活动有限公司 标注为 WE_OG
2024-03-07 20:07:56,174 - INFO - 101文件 市场推广专员 标注为 WE_RL
2024-03-07 20:07:56,175 - INFO - 101文件 2018.9-2021.6 标注为 ED_TM
2024-03-07 20:07:56,175 - INFO - 101文件 华南师范大学附属中学 标注为 ED_SC
2024-03-07 20:07:56,176 - INFO - 101文件 高中 标注为 ED_DG
2024-03-07 20:07:56,177 - INFO - 101文件 市场专员 标注为 CO
2024-03-07 20:07:56,178 - INFO - 101文件 service@500d.me 标注为 EM
2024-03-07 20:08:02,652 - INFO - 101文件 蔡于纬 标注为 NM
2024-03-07 20:08:02,652 - INFO - 101文件 23 标注为 AG
2024-03-07 20:08:02,652 - INFO - 101文件 13511223344 标注为 TL
2024-03-07 20:08:02,652 - INFO - 101文件 广东省广州市 标注为 LV
2024-03-07 20:08:02,652 - INFO - 101文件 2022.08至今 标注为 WE_TM
2024-03-07 20:08:02,652 - INFO - 101文件 卓望信息科技有限公司 标注为 WE_OG
2024-03-07 20:08:02,653 - INFO - 101文件 营运推广主管 标注为 WE_RL
2024-03-07 20:08:02,654 - INFO - 101文件 2021.8-2022.8 标注为 WE_TM
2024-03-07 20:08:02,654 - INFO - 101文件 广州灵心沙文化活动有限公司 标注为 WE_OG
2024-03-07 20:08:02,654 - INFO - 101文件 市场推广专员 标注为 WE_RL
2024-03-07 20:08:02,655 - INFO - 101文件 2018.9-2021.6 标注为 ED_TM
2024-03-07 20:08:02,655 - INFO - 101文件 华南师范大学附属中学 标注为 ED_SC
2024-03-07 20:08:02,655 - INFO - 101文件 高中 标注为 ED_DG
2024-03-07 20:08:02,657 - INFO - 101文件 市场专员 标注为 CO
2024-03-07 20:08:02,658 - INFO - 101文件 service@500d.me 标注为 EM
2024-03-07 20:45:00,831 - INFO - 101文件 蔡于纬 标注为 NM
2024-03-07 20:45:00,831 - INFO - 101文件 23 标注为 AG
2024-03-07 20:45:00,831 - INFO - 101文件 13511223344 标注为 TL
2024-03-07 20:45:00,832 - INFO - 101文件 广东省广州市 标注为 LV
2024-03-07 20:45:00,832 - INFO - 101文件 2022.08至今 标注为 WE_TM
2024-03-07 20:45:00,832 - INFO - 101文件 卓望信息科技有限公司 标注为 WE_OG
2024-03-07 20:45:00,832 - INFO - 101文件 营运推广主管 标注为 WE_RL
2024-03-07 20:45:00,835 - INFO - 101文件 2021.8-2022.8 标注为 WE_TM
2024-03-07 20:45:00,835 - INFO - 101文件 广州灵心沙文化活动有限公司 标注为 WE_OG
2024-03-07 20:45:00,836 - INFO - 101文件 市场推广专员 标注为 WE_RL
2024-03-07 20:45:00,836 - INFO - 101文件 2018.9-2021.6 标注为 ED_TM
2024-03-07 20:45:00,837 - INFO - 101文件 华南师范大学附属中学 标注为 ED_SC
2024-03-07 20:45:00,837 - INFO - 101文件 高中 标注为 ED_DG
2024-03-07 20:45:00,839 - INFO - 101文件 市场专员 标注为 CO
2024-03-07 20:45:00,840 - INFO - 101文件 service@500d.me 标注为 EM
